2020-04-01 22:50:44.249 DEBUG [main]com.lza.blog.BlogApplication.logStarting:53 -Running with Spring Boot v2.1.13.RELEASE, Spring v5.1.14.RELEASE
2020-04-01 22:52:05.419 DEBUG [http-nio-1000-exec-2]com.lza.blog.mapper.AdminMapper.getUserByName.debug:159 -==>  Preparing: select name,header,signature,comment,username,password from bl_admin where username = ? 
2020-04-01 22:52:05.440 DEBUG [http-nio-1000-exec-2]com.lza.blog.mapper.AdminMapper.getUserByName.debug:159 -==> Parameters: admin(String)
2020-04-01 22:52:05.506 DEBUG [http-nio-1000-exec-2]com.lza.blog.mapper.AdminMapper.getUserByName.debug:159 -<==      Total: 1
2020-04-01 22:52:05.615 DEBUG [http-nio-1000-exec-2]com.lza.blog.mapper.LogMapper.logSave.debug:159 -==>  Preparing: insert into bl_log(log_url, log_params, log_status, log_message, log_method, log_time, log_result, log_ip) values (?,?,?,?,?,?,?,?) 
2020-04-01 22:52:05.618 DEBUG [http-nio-1000-exec-2]com.lza.blog.mapper.LogMapper.logSave.debug:159 -==> Parameters: /admin/login(String), [Admin(id=null, name=null, header=null, signature=null, comment=null, username=admin, password=21232f297a57a5a743894a0e4a801fc3)](String), 1(Integer), null, POST(String), 174(Long), {"code":20000,"data":{"token":"92DD1956E84E191C16E2247CF24491DF"},"msg":"操作成功!"}(String), 0:0:0:0:0:0:0:1(String)
2020-04-01 22:52:05.710 DEBUG [http-nio-1000-exec-2]com.lza.blog.mapper.LogMapper.logSave.debug:159 -<==    Updates: 1
2020-04-01 22:53:55.058 DEBUG [http-nio-1000-exec-5]com.lza.blog.mapper.AboutMapper.save.debug:159 -==>  Preparing: insert into bl_about( about_title,about_content) values (?,?) 
2020-04-01 22:53:55.058 DEBUG [http-nio-1000-exec-5]com.lza.blog.mapper.AboutMapper.save.debug:159 -==> Parameters: 测试1(String), 测试内容1(String)
2020-04-01 22:53:55.292 DEBUG [http-nio-1000-exec-5]com.lza.blog.mapper.LogMapper.logSave.debug:159 -==>  Preparing: insert into bl_log(log_url, log_params, log_status, log_message, log_method, log_time, log_result, log_ip) values (?,?,?,?,?,?,?,?) 
2020-04-01 22:53:55.292 DEBUG [http-nio-1000-exec-5]com.lza.blog.mapper.LogMapper.logSave.debug:159 -==> Parameters: /about/save(String), [About(aboutId=null, aboutTitle=测试1, aboutContent=测试内容1, aboutRead=null, createdTime=null, updateTime=null, version=null, enable=null, deleted=null)](String), 0(Integer), org.springframework.dao.DataIntegrityViolationException: 
### Error updating database.  Cause: java.sql.SQLException: Field 'about_id' doesn't have a default value
### The error may involve com.lza.blog.mapper.AboutMapper.save-Inline
### Cause: java.sql.SQLException: Field 'about_id' doesn't have a default value
; Field 'about_id' doesn't have a default value; nested exception is java.sql.SQLException: Field 'about_id' doesn't have a default value
	at com.lza.blog.service.impl.AboutServiceImpl.save(AboutServiceImpl.java:42)
	at com.lza.blog.service.impl.AboutServiceImpl$$FastClassBySpringCGLIB$$5cf1c359.invoke(<generated>)
	at com.lza.blog.service.impl.AboutServiceImpl$$EnhancerBySpringCGLIB$$399290fd.save(<generated>)
	at com.lza.blog.service.impl.AboutServiceImpl$$FastClassBySpringCGLIB$$5cf1c359.invoke(<generated>)
	at com.lza.blog.service.impl.AboutServiceImpl$$EnhancerBySpringCGLIB$$d71eb4a1.save(<generated>)
	at com.lza.blog.controller.AboutController.save(AboutController.java:34)
	at com.lza.blog.controller.AboutController$$FastClassBySpringCGLIB$$55e53f1b.invoke(<generated>)
	at com.lza.blog.aspect.RequestAspect.doAround(RequestAspect.java:72)
	at com.lza.blog.controller.AboutController$$EnhancerBySpringCGLIB$$4f5d7f5c.save(<generated>)
Caused by: java.sql.SQLException: Field 'about_id' doesn't have a default value
(String), POST(String), 0(Long), null, 0:0:0:0:0:0:0:1(String)
2020-04-01 22:53:55.390 DEBUG [http-nio-1000-exec-5]com.lza.blog.mapper.LogMapper.logSave.debug:159 -<==    Updates: 1
2020-04-01 22:54:58.406 DEBUG [http-nio-1000-exec-7]com.lza.blog.mapper.AboutMapper.save.debug:159 -==>  Preparing: insert into bl_about( about_title,about_content) values (?,?) 
2020-04-01 22:54:58.407 DEBUG [http-nio-1000-exec-7]com.lza.blog.mapper.AboutMapper.save.debug:159 -==> Parameters: 测试1(String), 测试内容1(String)
2020-04-01 22:54:58.555 DEBUG [http-nio-1000-exec-7]com.lza.blog.mapper.LogMapper.logSave.debug:159 -==>  Preparing: insert into bl_log(log_url, log_params, log_status, log_message, log_method, log_time, log_result, log_ip) values (?,?,?,?,?,?,?,?) 
2020-04-01 22:54:58.556 DEBUG [http-nio-1000-exec-7]com.lza.blog.mapper.LogMapper.logSave.debug:159 -==> Parameters: /about/save(String), [About(aboutId=null, aboutTitle=测试1, aboutContent=测试内容1, aboutRead=null, createdTime=null, updateTime=null, version=null, enable=null, deleted=null)](String), 0(Integer), org.springframework.dao.DataIntegrityViolationException: 
### Error updating database.  Cause: java.sql.SQLException: Field 'about_id' doesn't have a default value
### The error may involve com.lza.blog.mapper.AboutMapper.save-Inline
### Cause: java.sql.SQLException: Field 'about_id' doesn't have a default value
; Field 'about_id' doesn't have a default value; nested exception is java.sql.SQLException: Field 'about_id' doesn't have a default value
	at com.lza.blog.service.impl.AboutServiceImpl.save(AboutServiceImpl.java:42)
	at com.lza.blog.service.impl.AboutServiceImpl$$FastClassBySpringCGLIB$$5cf1c359.invoke(<generated>)
	at com.lza.blog.service.impl.AboutServiceImpl$$EnhancerBySpringCGLIB$$399290fd.save(<generated>)
	at com.lza.blog.service.impl.AboutServiceImpl$$FastClassBySpringCGLIB$$5cf1c359.invoke(<generated>)
	at com.lza.blog.service.impl.AboutServiceImpl$$EnhancerBySpringCGLIB$$d71eb4a1.save(<generated>)
	at com.lza.blog.controller.AboutController.save(AboutController.java:34)
	at com.lza.blog.controller.AboutController$$FastClassBySpringCGLIB$$55e53f1b.invoke(<generated>)
	at com.lza.blog.aspect.RequestAspect.doAround(RequestAspect.java:72)
	at com.lza.blog.controller.AboutController$$EnhancerBySpringCGLIB$$4f5d7f5c.save(<generated>)
Caused by: java.sql.SQLException: Field 'about_id' doesn't have a default value
(String), POST(String), 0(Long), null, 0:0:0:0:0:0:0:1(String)
2020-04-01 22:54:58.672 DEBUG [http-nio-1000-exec-7]com.lza.blog.mapper.LogMapper.logSave.debug:159 -<==    Updates: 1
2020-04-01 22:56:04.437 DEBUG [http-nio-1000-exec-10]com.lza.blog.mapper.AboutMapper.save.debug:159 -==>  Preparing: insert into bl_about( about_title,about_content) values (?,?) 
2020-04-01 22:56:04.437 DEBUG [http-nio-1000-exec-10]com.lza.blog.mapper.AboutMapper.save.debug:159 -==> Parameters: 测试1(String), 测试内容1(String)
2020-04-01 22:56:04.597 DEBUG [http-nio-1000-exec-10]com.lza.blog.mapper.LogMapper.logSave.debug:159 -==>  Preparing: insert into bl_log(log_url, log_params, log_status, log_message, log_method, log_time, log_result, log_ip) values (?,?,?,?,?,?,?,?) 
2020-04-01 22:56:04.598 DEBUG [http-nio-1000-exec-10]com.lza.blog.mapper.LogMapper.logSave.debug:159 -==> Parameters: /about/save(String), [About(aboutId=null, aboutTitle=测试1, aboutContent=测试内容1, aboutRead=null, createdTime=null, updateTime=null, version=null, enable=null, deleted=null)](String), 0(Integer), org.springframework.dao.DataIntegrityViolationException: 
### Error updating database.  Cause: java.sql.SQLException: Field 'enable' doesn't have a default value
### The error may involve com.lza.blog.mapper.AboutMapper.save-Inline
### Cause: java.sql.SQLException: Field 'enable' doesn't have a default value
; Field 'enable' doesn't have a default value; nested exception is java.sql.SQLException: Field 'enable' doesn't have a default value
	at com.lza.blog.service.impl.AboutServiceImpl.save(AboutServiceImpl.java:42)
	at com.lza.blog.service.impl.AboutServiceImpl$$FastClassBySpringCGLIB$$5cf1c359.invoke(<generated>)
	at com.lza.blog.service.impl.AboutServiceImpl$$EnhancerBySpringCGLIB$$399290fd.save(<generated>)
	at com.lza.blog.service.impl.AboutServiceImpl$$FastClassBySpringCGLIB$$5cf1c359.invoke(<generated>)
	at com.lza.blog.service.impl.AboutServiceImpl$$EnhancerBySpringCGLIB$$d71eb4a1.save(<generated>)
	at com.lza.blog.controller.AboutController.save(AboutController.java:34)
	at com.lza.blog.controller.AboutController$$FastClassBySpringCGLIB$$55e53f1b.invoke(<generated>)
	at com.lza.blog.aspect.RequestAspect.doAround(RequestAspect.java:72)
	at com.lza.blog.controller.AboutController$$EnhancerBySpringCGLIB$$4f5d7f5c.save(<generated>)
Caused by: java.sql.SQLException: Field 'enable' doesn't have a default value
(String), POST(String), 0(Long), null, 0:0:0:0:0:0:0:1(String)
2020-04-01 22:56:04.708 DEBUG [http-nio-1000-exec-10]com.lza.blog.mapper.LogMapper.logSave.debug:159 -<==    Updates: 1
2020-04-01 22:56:10.307 DEBUG [http-nio-1000-exec-1]com.lza.blog.mapper.AboutMapper.save.debug:159 -==>  Preparing: insert into bl_about( about_title,about_content) values (?,?) 
2020-04-01 22:56:10.307 DEBUG [http-nio-1000-exec-1]com.lza.blog.mapper.AboutMapper.save.debug:159 -==> Parameters: 测试1(String), 测试内容1(String)
2020-04-01 22:56:10.506 DEBUG [http-nio-1000-exec-1]com.lza.blog.mapper.LogMapper.logSave.debug:159 -==>  Preparing: insert into bl_log(log_url, log_params, log_status, log_message, log_method, log_time, log_result, log_ip) values (?,?,?,?,?,?,?,?) 
2020-04-01 22:56:10.506 DEBUG [http-nio-1000-exec-1]com.lza.blog.mapper.LogMapper.logSave.debug:159 -==> Parameters: /about/save(String), [About(aboutId=null, aboutTitle=测试1, aboutContent=测试内容1, aboutRead=null, createdTime=null, updateTime=null, version=null, enable=null, deleted=null)](String), 0(Integer), org.springframework.dao.DataIntegrityViolationException: 
### Error updating database.  Cause: java.sql.SQLException: Field 'enable' doesn't have a default value
### The error may involve com.lza.blog.mapper.AboutMapper.save-Inline
### Cause: java.sql.SQLException: Field 'enable' doesn't have a default value
; Field 'enable' doesn't have a default value; nested exception is java.sql.SQLException: Field 'enable' doesn't have a default value
	at com.lza.blog.service.impl.AboutServiceImpl.save(AboutServiceImpl.java:42)
	at com.lza.blog.service.impl.AboutServiceImpl$$FastClassBySpringCGLIB$$5cf1c359.invoke(<generated>)
	at com.lza.blog.service.impl.AboutServiceImpl$$EnhancerBySpringCGLIB$$399290fd.save(<generated>)
	at com.lza.blog.service.impl.AboutServiceImpl$$FastClassBySpringCGLIB$$5cf1c359.invoke(<generated>)
	at com.lza.blog.service.impl.AboutServiceImpl$$EnhancerBySpringCGLIB$$d71eb4a1.save(<generated>)
	at com.lza.blog.controller.AboutController.save(AboutController.java:34)
	at com.lza.blog.controller.AboutController$$FastClassBySpringCGLIB$$55e53f1b.invoke(<generated>)
	at com.lza.blog.aspect.RequestAspect.doAround(RequestAspect.java:72)
	at com.lza.blog.controller.AboutController$$EnhancerBySpringCGLIB$$4f5d7f5c.save(<generated>)
Caused by: java.sql.SQLException: Field 'enable' doesn't have a default value
(String), POST(String), 0(Long), null, 0:0:0:0:0:0:0:1(String)
2020-04-01 22:56:10.628 DEBUG [http-nio-1000-exec-1]com.lza.blog.mapper.LogMapper.logSave.debug:159 -<==    Updates: 1
2020-04-01 22:56:59.860 DEBUG [http-nio-1000-exec-4]com.lza.blog.mapper.AboutMapper.save.debug:159 -==>  Preparing: insert into bl_about( about_title,about_content) values (?,?) 
2020-04-01 22:56:59.861 DEBUG [http-nio-1000-exec-4]com.lza.blog.mapper.AboutMapper.save.debug:159 -==> Parameters: 测试1(String), 测试内容1(String)
2020-04-01 22:57:00.101 DEBUG [http-nio-1000-exec-4]com.lza.blog.mapper.AboutMapper.save.debug:159 -<==    Updates: 1
2020-04-01 22:57:00.186 DEBUG [http-nio-1000-exec-4]com.lza.blog.mapper.LogMapper.logSave.debug:159 -==>  Preparing: insert into bl_log(log_url, log_params, log_status, log_message, log_method, log_time, log_result, log_ip) values (?,?,?,?,?,?,?,?) 
2020-04-01 22:57:00.187 DEBUG [http-nio-1000-exec-4]com.lza.blog.mapper.LogMapper.logSave.debug:159 -==> Parameters: /about/save(String), [About(aboutId=null, aboutTitle=测试1, aboutContent=测试内容1, aboutRead=null, createdTime=null, updateTime=null, version=null, enable=null, deleted=null)](String), 1(Integer), null, POST(String), 298(Long), {"code":20000,"msg":"添加成功！"}(String), 0:0:0:0:0:0:0:1(String)
2020-04-01 22:57:00.303 DEBUG [http-nio-1000-exec-4]com.lza.blog.mapper.LogMapper.logSave.debug:159 -<==    Updates: 1
2020-04-01 22:57:12.666 DEBUG [http-nio-1000-exec-3]com.lza.blog.mapper.AboutMapper.save.debug:159 -==>  Preparing: insert into bl_about( about_title,about_content) values (?,?) 
2020-04-01 22:57:12.667 DEBUG [http-nio-1000-exec-3]com.lza.blog.mapper.AboutMapper.save.debug:159 -==> Parameters: 测试2(String), 测试内容2(String)
2020-04-01 22:57:12.810 DEBUG [http-nio-1000-exec-3]com.lza.blog.mapper.AboutMapper.save.debug:159 -<==    Updates: 1
2020-04-01 22:57:12.911 DEBUG [http-nio-1000-exec-3]com.lza.blog.mapper.LogMapper.logSave.debug:159 -==>  Preparing: insert into bl_log(log_url, log_params, log_status, log_message, log_method, log_time, log_result, log_ip) values (?,?,?,?,?,?,?,?) 
2020-04-01 22:57:12.911 DEBUG [http-nio-1000-exec-3]com.lza.blog.mapper.LogMapper.logSave.debug:159 -==> Parameters: /about/save(String), [About(aboutId=null, aboutTitle=测试2, aboutContent=测试内容2, aboutRead=null, createdTime=null, updateTime=null, version=null, enable=null, deleted=null)](String), 1(Integer), null, POST(String), 3013(Long), {"code":20000,"msg":"添加成功！"}(String), 0:0:0:0:0:0:0:1(String)
2020-04-01 22:57:13.143 DEBUG [http-nio-1000-exec-3]com.lza.blog.mapper.LogMapper.logSave.debug:159 -<==    Updates: 1
2020-04-01 22:57:56.238 DEBUG [http-nio-1000-exec-6]com.lza.blog.mapper.AboutMapper.get.debug:159 -==>  Preparing: select about_id, about_title, about_content, about_read, created_time, update_time, version, enable from bl_about where about_id = ? and deleted = 0 
2020-04-01 22:57:56.239 DEBUG [http-nio-1000-exec-6]com.lza.blog.mapper.AboutMapper.get.debug:159 -==> Parameters: 1(Integer)
2020-04-01 22:57:56.297 DEBUG [http-nio-1000-exec-6]com.lza.blog.mapper.AboutMapper.get.debug:159 -<==      Total: 1
2020-04-01 22:57:56.355 DEBUG [http-nio-1000-exec-6]com.lza.blog.mapper.LogMapper.logSave.debug:159 -==>  Preparing: insert into bl_log(log_url, log_params, log_status, log_message, log_method, log_time, log_result, log_ip) values (?,?,?,?,?,?,?,?) 
2020-04-01 22:57:56.356 DEBUG [http-nio-1000-exec-6]com.lza.blog.mapper.LogMapper.logSave.debug:159 -==> Parameters: /about/get/1(String), [1](String), 1(Integer), null, GET(String), 213(Long), {"code":20000,"data":{"aboutContent":"测试内容1","aboutId":1,"aboutRead":0,"aboutTitle":"测试1","createdTime":"2020-04-01 14:56:59","enable":0,"updateTime":"2020-04-01 14:56:59","version":1},"msg":"操作成功!"}(String), 0:0:0:0:0:0:0:1(String)
2020-04-01 22:57:56.479 DEBUG [http-nio-1000-exec-6]com.lza.blog.mapper.LogMapper.logSave.debug:159 -<==    Updates: 1
2020-04-01 22:58:09.077 DEBUG [http-nio-1000-exec-7]com.lza.blog.mapper.AboutMapper.get.debug:159 -==>  Preparing: select about_id, about_title, about_content, about_read, created_time, update_time, version, enable from bl_about where about_id = ? and deleted = 0 
2020-04-01 22:58:09.078 DEBUG [http-nio-1000-exec-7]com.lza.blog.mapper.AboutMapper.get.debug:159 -==> Parameters: 2(Integer)
2020-04-01 22:58:09.132 DEBUG [http-nio-1000-exec-7]com.lza.blog.mapper.AboutMapper.get.debug:159 -<==      Total: 1
2020-04-01 22:58:09.182 DEBUG [http-nio-1000-exec-7]com.lza.blog.mapper.LogMapper.logSave.debug:159 -==>  Preparing: insert into bl_log(log_url, log_params, log_status, log_message, log_method, log_time, log_result, log_ip) values (?,?,?,?,?,?,?,?) 
2020-04-01 22:58:09.183 DEBUG [http-nio-1000-exec-7]com.lza.blog.mapper.LogMapper.logSave.debug:159 -==> Parameters: /about/get/2(String), [2](String), 1(Integer), org.springframework.dao.DataIntegrityViolationException: 
### Error updating database.  Cause: java.sql.SQLException: Field 'about_id' doesn't have a default value
### The error may involve com.lza.blog.mapper.AboutMapper.save-Inline
### Cause: java.sql.SQLException: Field 'about_id' doesn't have a default value
; Field 'about_id' doesn't have a default value; nested exception is java.sql.SQLException: Field 'about_id' doesn't have a default value
	at com.lza.blog.service.impl.AboutServiceImpl.save(AboutServiceImpl.java:42)
	at com.lza.blog.service.impl.AboutServiceImpl$$FastClassBySpringCGLIB$$5cf1c359.invoke(<generated>)
	at com.lza.blog.service.impl.AboutServiceImpl$$EnhancerBySpringCGLIB$$399290fd.save(<generated>)
	at com.lza.blog.service.impl.AboutServiceImpl$$FastClassBySpringCGLIB$$5cf1c359.invoke(<generated>)
	at com.lza.blog.service.impl.AboutServiceImpl$$EnhancerBySpringCGLIB$$d71eb4a1.save(<generated>)
	at com.lza.blog.controller.AboutController.save(AboutController.java:34)
	at com.lza.blog.controller.AboutController$$FastClassBySpringCGLIB$$55e53f1b.invoke(<generated>)
	at com.lza.blog.aspect.RequestAspect.doAround(RequestAspect.java:72)
	at com.lza.blog.controller.AboutController$$EnhancerBySpringCGLIB$$4f5d7f5c.save(<generated>)
Caused by: java.sql.SQLException: Field 'about_id' doesn't have a default value
(String), GET(String), 9068(Long), {"code":20000,"data":{"aboutContent":"测试内容2","aboutId":2,"aboutRead":0,"aboutTitle":"测试2","createdTime":"2020-04-01 14:57:12","enable":0,"updateTime":"2020-04-01 14:57:12","version":1},"msg":"操作成功!"}(String), 0:0:0:0:0:0:0:1(String)
2020-04-01 22:58:09.338 DEBUG [http-nio-1000-exec-7]com.lza.blog.mapper.LogMapper.logSave.debug:159 -<==    Updates: 1
2020-04-01 22:59:56.167 DEBUG [http-nio-1000-exec-3]com.lza.blog.mapper.AboutMapper.get.debug:159 -==>  Preparing: select about_id, about_title, about_content, about_read, created_time, update_time, version, enable from bl_about where about_id = ? and deleted = 0 
2020-04-01 22:59:56.168 DEBUG [http-nio-1000-exec-3]com.lza.blog.mapper.AboutMapper.get.debug:159 -==> Parameters: 2(Integer)
2020-04-01 22:59:56.213 DEBUG [http-nio-1000-exec-3]com.lza.blog.mapper.AboutMapper.get.debug:159 -<==      Total: 1
2020-04-01 22:59:56.262 DEBUG [http-nio-1000-exec-3]com.lza.blog.mapper.LogMapper.logSave.debug:159 -==>  Preparing: insert into bl_log(log_url, log_params, log_status, log_message, log_method, log_time, log_result, log_ip) values (?,?,?,?,?,?,?,?) 
2020-04-01 22:59:56.263 DEBUG [http-nio-1000-exec-3]com.lza.blog.mapper.LogMapper.logSave.debug:159 -==> Parameters: /about/get/2(String), [2](String), 1(Integer), null, GET(String), 96(Long), {"code":20000,"data":{"aboutContent":"测试内容2","aboutId":2,"aboutRead":0,"aboutTitle":"测试2","createdTime":"2020-04-01 14:57:12","enable":0,"updateTime":"2020-04-01 14:57:12","version":1},"msg":"操作成功!"}(String), 0:0:0:0:0:0:0:1(String)
2020-04-01 22:59:56.374 DEBUG [http-nio-1000-exec-3]com.lza.blog.mapper.LogMapper.logSave.debug:159 -<==    Updates: 1
2020-04-01 23:01:24.644 DEBUG [http-nio-1000-exec-1]com.lza.blog.mapper.AboutMapper.getByPage.debug:159 -==>  Preparing: select about_id, about_title, about_read, created_time, update_time, enable from bl_about where deleted = 0 limit ?,? 
2020-04-01 23:01:24.644 DEBUG [http-nio-1000-exec-1]com.lza.blog.mapper.AboutMapper.getByPage.debug:159 -==> Parameters: 0(Integer), 20(Integer)
2020-04-01 23:01:24.694 DEBUG [http-nio-1000-exec-1]com.lza.blog.mapper.AboutMapper.getByPage.debug:159 -<==      Total: 2
2020-04-01 23:01:24.747 DEBUG [http-nio-1000-exec-1]com.lza.blog.mapper.AboutMapper.getCountByPage.debug:159 -==>  Preparing: select count(*) from bl_about where deleted = 0 
2020-04-01 23:01:24.748 DEBUG [http-nio-1000-exec-1]com.lza.blog.mapper.AboutMapper.getCountByPage.debug:159 -==> Parameters: 
2020-04-01 23:01:24.796 DEBUG [http-nio-1000-exec-1]com.lza.blog.mapper.AboutMapper.getCountByPage.debug:159 -<==      Total: 1
2020-04-01 23:01:24.849 DEBUG [http-nio-1000-exec-1]com.lza.blog.mapper.LogMapper.logSave.debug:159 -==>  Preparing: insert into bl_log(log_url, log_params, log_status, log_message, log_method, log_time, log_result, log_ip) values (?,?,?,?,?,?,?,?) 
2020-04-01 23:01:24.850 DEBUG [http-nio-1000-exec-1]com.lza.blog.mapper.LogMapper.logSave.debug:159 -==> Parameters: /about/getByPage(String), [Page(currentPage=1, pageSize=20, totalPage=0, totalCount=0, list=null, params={}, sortColumn=null, sortMethod=asc)](String), 1(Integer), org.springframework.dao.DataIntegrityViolationException: 
### Error updating database.  Cause: java.sql.SQLException: Field 'enable' doesn't have a default value
### The error may involve com.lza.blog.mapper.AboutMapper.save-Inline
### Cause: java.sql.SQLException: Field 'enable' doesn't have a default value
; Field 'enable' doesn't have a default value; nested exception is java.sql.SQLException: Field 'enable' doesn't have a default value
	at com.lza.blog.service.impl.AboutServiceImpl.save(AboutServiceImpl.java:42)
	at com.lza.blog.service.impl.AboutServiceImpl$$FastClassBySpringCGLIB$$5cf1c359.invoke(<generated>)
	at com.lza.blog.service.impl.AboutServiceImpl$$EnhancerBySpringCGLIB$$399290fd.save(<generated>)
	at com.lza.blog.service.impl.AboutServiceImpl$$FastClassBySpringCGLIB$$5cf1c359.invoke(<generated>)
	at com.lza.blog.service.impl.AboutServiceImpl$$EnhancerBySpringCGLIB$$d71eb4a1.save(<generated>)
	at com.lza.blog.controller.AboutController.save(AboutController.java:34)
	at com.lza.blog.controller.AboutController$$FastClassBySpringCGLIB$$55e53f1b.invoke(<generated>)
	at com.lza.blog.aspect.RequestAspect.doAround(RequestAspect.java:72)
	at com.lza.blog.controller.AboutController$$EnhancerBySpringCGLIB$$4f5d7f5c.save(<generated>)
Caused by: java.sql.SQLException: Field 'enable' doesn't have a default value
(String), GET(String), 2859(Long), {"code":20000,"data":{"currentPage":1,"index":0,"list":[{"aboutId":1,"aboutRead":0,"aboutTitle":"测试1","createdTime":"2020-04-01 14:56:59","enable":0,"updateTime":"2020-04-01 14:56:59"},{"aboutId":2,"aboutRead":0,"aboutTitle":"测试2","createdTime":"2020-04-01 14:57:12","enable":0,"updateTime":"2020-04-01 14:57:12"}],"pageSize":20,"params":{},"sortMethod":"asc","totalCount":2,"totalPage":1},"msg":"操作成功!"}(String), 0:0:0:0:0:0:0:1(String)
2020-04-01 23:01:24.944 DEBUG [http-nio-1000-exec-1]com.lza.blog.mapper.LogMapper.logSave.debug:159 -<==    Updates: 1
