2020-04-06 09:44:13.427 INFO  [Thread-16]com.alibaba.druid.pool.DruidDataSource.close:1825 -{dataSource-1} closed
2020-04-06 20:41:59.481 INFO  [main]com.lza.blog.BlogApplication.logStarting:50 -Starting BlogApplication on liu with PID 14636 (D:\software\JAVA\blog\target\classes started by liu in D:\software\JAVA\blog)
2020-04-06 20:41:59.488 INFO  [main]com.lza.blog.BlogApplication.logStartupProfileInfo:648 -No active profile set, falling back to default profiles: default
2020-04-06 20:42:00.330 INFO  [main]o.s.c.s.PostProcessorRegistrationDelegate$BeanPostProcessorChecker.postProcessAfterInitialization:330 -Bean 'shiroConfig' of type [com.lza.blog.config.ShiroConfig$$EnhancerBySpringCGLIB$$9142799e] is not eligible for getting processed by all BeanPostProcessors (for example: not eligible for auto-proxying)
2020-04-06 20:42:00.383 INFO  [main]o.s.c.s.PostProcessorRegistrationDelegate$BeanPostProcessorChecker.postProcessAfterInitialization:330 -Bean 'mybatis-org.mybatis.spring.boot.autoconfigure.MybatisProperties' of type [org.mybatis.spring.boot.autoconfigure.MybatisProperties] is not eligible for getting processed by all BeanPostProcessors (for example: not eligible for auto-proxying)
2020-04-06 20:42:00.391 INFO  [main]o.s.c.s.PostProcessorRegistrationDelegate$BeanPostProcessorChecker.postProcessAfterInitialization:330 -Bean 'org.mybatis.spring.boot.autoconfigure.MybatisAutoConfiguration' of type [org.mybatis.spring.boot.autoconfigure.MybatisAutoConfiguration$$EnhancerBySpringCGLIB$$6a4592be] is not eligible for getting processed by all BeanPostProcessors (for example: not eligible for auto-proxying)
2020-04-06 20:42:00.394 INFO  [main]o.s.c.s.PostProcessorRegistrationDelegate$BeanPostProcessorChecker.postProcessAfterInitialization:330 -Bean 'com.alibaba.druid.spring.boot.autoconfigure.DruidDataSourceAutoConfigure' of type [com.alibaba.druid.spring.boot.autoconfigure.DruidDataSourceAutoConfigure$$EnhancerBySpringCGLIB$$511d3700] is not eligible for getting processed by all BeanPostProcessors (for example: not eligible for auto-proxying)
2020-04-06 20:42:00.397 INFO  [main]c.a.d.s.boot.autoconfigure.DruidDataSourceAutoConfigure.dataSource:56 -Init DruidDataSource
2020-04-06 20:42:00.435 INFO  [main]o.s.c.s.PostProcessorRegistrationDelegate$BeanPostProcessorChecker.postProcessAfterInitialization:330 -Bean 'spring.datasource-org.springframework.boot.autoconfigure.jdbc.DataSourceProperties' of type [org.springframework.boot.autoconfigure.jdbc.DataSourceProperties] is not eligible for getting processed by all BeanPostProcessors (for example: not eligible for auto-proxying)
2020-04-06 20:42:00.454 INFO  [main]o.s.c.s.PostProcessorRegistrationDelegate$BeanPostProcessorChecker.postProcessAfterInitialization:330 -Bean 'com.alibaba.druid.spring.boot.autoconfigure.stat.DruidFilterConfiguration' of type [com.alibaba.druid.spring.boot.autoconfigure.stat.DruidFilterConfiguration] is not eligible for getting processed by all BeanPostProcessors (for example: not eligible for auto-proxying)
2020-04-06 20:42:00.476 INFO  [main]o.s.c.s.PostProcessorRegistrationDelegate$BeanPostProcessorChecker.postProcessAfterInitialization:330 -Bean 'statFilter' of type [com.alibaba.druid.filter.stat.StatFilter] is not eligible for getting processed by all BeanPostProcessors (for example: not eligible for auto-proxying)
2020-04-06 20:42:04.347 INFO  [main]com.alibaba.druid.pool.DruidDataSource.init:930 -{dataSource-1} inited
2020-04-06 20:42:04.347 INFO  [main]o.s.c.s.PostProcessorRegistrationDelegate$BeanPostProcessorChecker.postProcessAfterInitialization:330 -Bean 'dataSource' of type [com.alibaba.druid.spring.boot.autoconfigure.DruidDataSourceWrapper] is not eligible for getting processed by all BeanPostProcessors (for example: not eligible for auto-proxying)
2020-04-06 20:42:04.402 INFO  [main]o.s.c.s.PostProcessorRegistrationDelegate$BeanPostProcessorChecker.postProcessAfterInitialization:330 -Bean 'org.springframework.boot.autoconfigure.jdbc.DataSourceInitializerInvoker' of type [org.springframework.boot.autoconfigure.jdbc.DataSourceInitializerInvoker] is not eligible for getting processed by all BeanPostProcessors (for example: not eligible for auto-proxying)
2020-04-06 20:42:04.578 INFO  [main]o.s.c.s.PostProcessorRegistrationDelegate$BeanPostProcessorChecker.postProcessAfterInitialization:330 -Bean 'sqlSessionFactory' of type [org.apache.ibatis.session.defaults.DefaultSqlSessionFactory] is not eligible for getting processed by all BeanPostProcessors (for example: not eligible for auto-proxying)
2020-04-06 20:42:04.584 INFO  [main]o.s.c.s.PostProcessorRegistrationDelegate$BeanPostProcessorChecker.postProcessAfterInitialization:330 -Bean 'sqlSessionTemplate' of type [org.mybatis.spring.SqlSessionTemplate] is not eligible for getting processed by all BeanPostProcessors (for example: not eligible for auto-proxying)
2020-04-06 20:42:04.592 INFO  [main]o.s.c.s.PostProcessorRegistrationDelegate$BeanPostProcessorChecker.postProcessAfterInitialization:330 -Bean 'adminMapper' of type [org.mybatis.spring.mapper.MapperFactoryBean] is not eligible for getting processed by all BeanPostProcessors (for example: not eligible for auto-proxying)
2020-04-06 20:42:04.595 INFO  [main]o.s.c.s.PostProcessorRegistrationDelegate$BeanPostProcessorChecker.postProcessAfterInitialization:330 -Bean 'adminMapper' of type [com.sun.proxy.$Proxy74] is not eligible for getting processed by all BeanPostProcessors (for example: not eligible for auto-proxying)
2020-04-06 20:42:04.597 INFO  [main]o.s.c.s.PostProcessorRegistrationDelegate$BeanPostProcessorChecker.postProcessAfterInitialization:330 -Bean 'adminServiceImpl' of type [com.lza.blog.service.impl.AdminServiceImpl] is not eligible for getting processed by all BeanPostProcessors (for example: not eligible for auto-proxying)
2020-04-06 20:42:04.598 INFO  [main]o.s.c.s.PostProcessorRegistrationDelegate$BeanPostProcessorChecker.postProcessAfterInitialization:330 -Bean 'adminRealm' of type [com.lza.blog.realm.AdminRealm] is not eligible for getting processed by all BeanPostProcessors (for example: not eligible for auto-proxying)
2020-04-06 20:42:04.631 INFO  [main]o.s.c.s.PostProcessorRegistrationDelegate$BeanPostProcessorChecker.postProcessAfterInitialization:330 -Bean 'securityManager' of type [org.apache.shiro.web.mgt.DefaultWebSecurityManager] is not eligible for getting processed by all BeanPostProcessors (for example: not eligible for auto-proxying)
2020-04-06 20:42:04.652 INFO  [main]o.s.c.s.PostProcessorRegistrationDelegate$BeanPostProcessorChecker.postProcessAfterInitialization:330 -Bean 'authorizationAttributeSourceAdvisor' of type [org.apache.shiro.spring.security.interceptor.AuthorizationAttributeSourceAdvisor] is not eligible for getting processed by all BeanPostProcessors (for example: not eligible for auto-proxying)
2020-04-06 20:42:04.922 INFO  [main]o.s.boot.web.embedded.tomcat.TomcatWebServer.initialize:90 -Tomcat initialized with port(s): 1000 (http)
2020-04-06 20:42:04.937 INFO  [main]org.apache.coyote.http11.Http11NioProtocol.log:173 -Initializing ProtocolHandler ["http-nio-1000"]
2020-04-06 20:42:04.947 INFO  [main]org.apache.catalina.core.StandardService.log:173 -Starting service [Tomcat]
2020-04-06 20:42:04.948 INFO  [main]org.apache.catalina.core.StandardEngine.log:173 -Starting Servlet engine: [Apache Tomcat/9.0.31]
2020-04-06 20:42:05.080 INFO  [main]o.a.catalina.core.ContainerBase.[Tomcat].[localhost].[/].log:173 -Initializing Spring embedded WebApplicationContext
2020-04-06 20:42:05.081 INFO  [main]org.springframework.web.context.ContextLoader.prepareWebApplicationContext:284 -Root WebApplicationContext: initialization completed in 5508 ms
2020-04-06 20:42:06.154 INFO  [main]org.apache.coyote.http11.Http11NioProtocol.log:173 -Starting ProtocolHandler ["http-nio-1000"]
2020-04-06 20:42:06.173 INFO  [main]o.s.boot.web.embedded.tomcat.TomcatWebServer.start:202 -Tomcat started on port(s): 1000 (http) with context path ''
2020-04-06 20:42:06.176 INFO  [main]com.lza.blog.BlogApplication.logStarted:59 -Started BlogApplication in 7.191 seconds (JVM running for 8.255)
2020-04-06 20:42:31.981 INFO  [http-nio-1000-exec-1]o.a.catalina.core.ContainerBase.[Tomcat].[localhost].[/].log:173 -Initializing Spring DispatcherServlet 'dispatcherServlet'
2020-04-06 20:42:31.981 INFO  [http-nio-1000-exec-1]org.springframework.web.servlet.DispatcherServlet.initServletBean:525 -Initializing Servlet 'dispatcherServlet'
2020-04-06 20:42:31.993 INFO  [http-nio-1000-exec-1]org.springframework.web.servlet.DispatcherServlet.initServletBean:547 -Completed initialization in 12 ms
2020-04-06 20:42:32.070 INFO  [http-nio-1000-exec-1]com.lza.blog.aspect.RequestAspect.printRequestLog:120 -请求地址 : /admin/login
2020-04-06 20:42:32.071 INFO  [http-nio-1000-exec-1]com.lza.blog.aspect.RequestAspect.printRequestLog:121 -请求方式 : POST
2020-04-06 20:42:32.075 INFO  [http-nio-1000-exec-1]com.lza.blog.aspect.RequestAspect.printRequestLog:124 -IP : 0:0:0:0:0:0:0:1
2020-04-06 20:42:32.076 INFO  [http-nio-1000-exec-1]com.lza.blog.aspect.RequestAspect.printRequestLog:126 -方法 : com.lza.blog.controller.AdminController.login
2020-04-06 20:42:32.077 INFO  [http-nio-1000-exec-1]com.lza.blog.aspect.RequestAspect.printRequestLog:128 -请求参数：[Admin(id=null, name=null, header=null, signature=null, comment=null, username=admin, password=21232f297a57a5a743894a0e4a801fc3)]
2020-04-06 20:42:32.238 INFO  [http-nio-1000-exec-1]com.lza.blog.aspect.RequestAspect.doAround:74 -耗时 : 168
2020-04-06 20:42:32.284 INFO  [http-nio-1000-exec-1]com.lza.blog.aspect.RequestAspect.doAfterReturning:89 -返回值：{"code":20000,"data":{"token":"69B59912A3E18656970756314C1BAF48"},"msg":"操作成功!"}
2020-04-06 20:45:15.140 INFO  [Thread-16]com.alibaba.druid.pool.DruidDataSource.close:1825 -{dataSource-1} closed
2020-04-06 20:45:20.657 INFO  [main]com.lza.blog.BlogApplication.logStarting:50 -Starting BlogApplication on liu with PID 6976 (D:\software\JAVA\blog\target\classes started by liu in D:\software\JAVA\blog)
2020-04-06 20:45:20.662 INFO  [main]com.lza.blog.BlogApplication.logStartupProfileInfo:648 -No active profile set, falling back to default profiles: default
2020-04-06 20:45:21.505 INFO  [main]o.s.c.s.PostProcessorRegistrationDelegate$BeanPostProcessorChecker.postProcessAfterInitialization:330 -Bean 'shiroConfig' of type [com.lza.blog.config.ShiroConfig$$EnhancerBySpringCGLIB$$af76150c] is not eligible for getting processed by all BeanPostProcessors (for example: not eligible for auto-proxying)
2020-04-06 20:45:21.553 INFO  [main]o.s.c.s.PostProcessorRegistrationDelegate$BeanPostProcessorChecker.postProcessAfterInitialization:330 -Bean 'mybatis-org.mybatis.spring.boot.autoconfigure.MybatisProperties' of type [org.mybatis.spring.boot.autoconfigure.MybatisProperties] is not eligible for getting processed by all BeanPostProcessors (for example: not eligible for auto-proxying)
2020-04-06 20:45:21.561 INFO  [main]o.s.c.s.PostProcessorRegistrationDelegate$BeanPostProcessorChecker.postProcessAfterInitialization:330 -Bean 'org.mybatis.spring.boot.autoconfigure.MybatisAutoConfiguration' of type [org.mybatis.spring.boot.autoconfigure.MybatisAutoConfiguration$$EnhancerBySpringCGLIB$$88792e2c] is not eligible for getting processed by all BeanPostProcessors (for example: not eligible for auto-proxying)
2020-04-06 20:45:21.565 INFO  [main]o.s.c.s.PostProcessorRegistrationDelegate$BeanPostProcessorChecker.postProcessAfterInitialization:330 -Bean 'com.alibaba.druid.spring.boot.autoconfigure.DruidDataSourceAutoConfigure' of type [com.alibaba.druid.spring.boot.autoconfigure.DruidDataSourceAutoConfigure$$EnhancerBySpringCGLIB$$6f50d26e] is not eligible for getting processed by all BeanPostProcessors (for example: not eligible for auto-proxying)
2020-04-06 20:45:21.569 INFO  [main]c.a.d.s.boot.autoconfigure.DruidDataSourceAutoConfigure.dataSource:56 -Init DruidDataSource
2020-04-06 20:45:21.606 INFO  [main]o.s.c.s.PostProcessorRegistrationDelegate$BeanPostProcessorChecker.postProcessAfterInitialization:330 -Bean 'spring.datasource-org.springframework.boot.autoconfigure.jdbc.DataSourceProperties' of type [org.springframework.boot.autoconfigure.jdbc.DataSourceProperties] is not eligible for getting processed by all BeanPostProcessors (for example: not eligible for auto-proxying)
2020-04-06 20:45:21.616 INFO  [main]o.s.c.s.PostProcessorRegistrationDelegate$BeanPostProcessorChecker.postProcessAfterInitialization:330 -Bean 'com.alibaba.druid.spring.boot.autoconfigure.stat.DruidFilterConfiguration' of type [com.alibaba.druid.spring.boot.autoconfigure.stat.DruidFilterConfiguration] is not eligible for getting processed by all BeanPostProcessors (for example: not eligible for auto-proxying)
2020-04-06 20:45:21.633 INFO  [main]o.s.c.s.PostProcessorRegistrationDelegate$BeanPostProcessorChecker.postProcessAfterInitialization:330 -Bean 'statFilter' of type [com.alibaba.druid.filter.stat.StatFilter] is not eligible for getting processed by all BeanPostProcessors (for example: not eligible for auto-proxying)
2020-04-06 20:45:25.778 INFO  [main]com.alibaba.druid.pool.DruidDataSource.init:930 -{dataSource-1} inited
2020-04-06 20:45:25.779 INFO  [main]o.s.c.s.PostProcessorRegistrationDelegate$BeanPostProcessorChecker.postProcessAfterInitialization:330 -Bean 'dataSource' of type [com.alibaba.druid.spring.boot.autoconfigure.DruidDataSourceWrapper] is not eligible for getting processed by all BeanPostProcessors (for example: not eligible for auto-proxying)
2020-04-06 20:45:25.833 INFO  [main]o.s.c.s.PostProcessorRegistrationDelegate$BeanPostProcessorChecker.postProcessAfterInitialization:330 -Bean 'org.springframework.boot.autoconfigure.jdbc.DataSourceInitializerInvoker' of type [org.springframework.boot.autoconfigure.jdbc.DataSourceInitializerInvoker] is not eligible for getting processed by all BeanPostProcessors (for example: not eligible for auto-proxying)
2020-04-06 20:45:25.996 INFO  [main]o.s.c.s.PostProcessorRegistrationDelegate$BeanPostProcessorChecker.postProcessAfterInitialization:330 -Bean 'sqlSessionFactory' of type [org.apache.ibatis.session.defaults.DefaultSqlSessionFactory] is not eligible for getting processed by all BeanPostProcessors (for example: not eligible for auto-proxying)
2020-04-06 20:45:26.001 INFO  [main]o.s.c.s.PostProcessorRegistrationDelegate$BeanPostProcessorChecker.postProcessAfterInitialization:330 -Bean 'sqlSessionTemplate' of type [org.mybatis.spring.SqlSessionTemplate] is not eligible for getting processed by all BeanPostProcessors (for example: not eligible for auto-proxying)
2020-04-06 20:45:26.008 INFO  [main]o.s.c.s.PostProcessorRegistrationDelegate$BeanPostProcessorChecker.postProcessAfterInitialization:330 -Bean 'adminMapper' of type [org.mybatis.spring.mapper.MapperFactoryBean] is not eligible for getting processed by all BeanPostProcessors (for example: not eligible for auto-proxying)
2020-04-06 20:45:26.011 INFO  [main]o.s.c.s.PostProcessorRegistrationDelegate$BeanPostProcessorChecker.postProcessAfterInitialization:330 -Bean 'adminMapper' of type [com.sun.proxy.$Proxy74] is not eligible for getting processed by all BeanPostProcessors (for example: not eligible for auto-proxying)
2020-04-06 20:45:26.012 INFO  [main]o.s.c.s.PostProcessorRegistrationDelegate$BeanPostProcessorChecker.postProcessAfterInitialization:330 -Bean 'adminServiceImpl' of type [com.lza.blog.service.impl.AdminServiceImpl] is not eligible for getting processed by all BeanPostProcessors (for example: not eligible for auto-proxying)
2020-04-06 20:45:26.013 INFO  [main]o.s.c.s.PostProcessorRegistrationDelegate$BeanPostProcessorChecker.postProcessAfterInitialization:330 -Bean 'adminRealm' of type [com.lza.blog.realm.AdminRealm] is not eligible for getting processed by all BeanPostProcessors (for example: not eligible for auto-proxying)
2020-04-06 20:45:26.043 INFO  [main]o.s.c.s.PostProcessorRegistrationDelegate$BeanPostProcessorChecker.postProcessAfterInitialization:330 -Bean 'securityManager' of type [org.apache.shiro.web.mgt.DefaultWebSecurityManager] is not eligible for getting processed by all BeanPostProcessors (for example: not eligible for auto-proxying)
2020-04-06 20:45:26.064 INFO  [main]o.s.c.s.PostProcessorRegistrationDelegate$BeanPostProcessorChecker.postProcessAfterInitialization:330 -Bean 'authorizationAttributeSourceAdvisor' of type [org.apache.shiro.spring.security.interceptor.AuthorizationAttributeSourceAdvisor] is not eligible for getting processed by all BeanPostProcessors (for example: not eligible for auto-proxying)
2020-04-06 20:45:26.307 INFO  [main]o.s.boot.web.embedded.tomcat.TomcatWebServer.initialize:90 -Tomcat initialized with port(s): 1000 (http)
2020-04-06 20:45:26.317 INFO  [main]org.apache.coyote.http11.Http11NioProtocol.log:173 -Initializing ProtocolHandler ["http-nio-1000"]
2020-04-06 20:45:26.323 INFO  [main]org.apache.catalina.core.StandardService.log:173 -Starting service [Tomcat]
2020-04-06 20:45:26.323 INFO  [main]org.apache.catalina.core.StandardEngine.log:173 -Starting Servlet engine: [Apache Tomcat/9.0.31]
2020-04-06 20:45:26.447 INFO  [main]o.a.catalina.core.ContainerBase.[Tomcat].[localhost].[/].log:173 -Initializing Spring embedded WebApplicationContext
2020-04-06 20:45:26.447 INFO  [main]org.springframework.web.context.ContextLoader.prepareWebApplicationContext:284 -Root WebApplicationContext: initialization completed in 5694 ms
2020-04-06 20:45:27.476 INFO  [main]org.apache.coyote.http11.Http11NioProtocol.log:173 -Starting ProtocolHandler ["http-nio-1000"]
2020-04-06 20:45:27.495 INFO  [main]o.s.boot.web.embedded.tomcat.TomcatWebServer.start:202 -Tomcat started on port(s): 1000 (http) with context path ''
2020-04-06 20:45:27.497 INFO  [main]com.lza.blog.BlogApplication.logStarted:59 -Started BlogApplication in 7.439 seconds (JVM running for 8.496)
2020-04-06 20:45:41.082 INFO  [http-nio-1000-exec-1]o.a.catalina.core.ContainerBase.[Tomcat].[localhost].[/].log:173 -Initializing Spring DispatcherServlet 'dispatcherServlet'
2020-04-06 20:45:41.083 INFO  [http-nio-1000-exec-1]org.springframework.web.servlet.DispatcherServlet.initServletBean:525 -Initializing Servlet 'dispatcherServlet'
2020-04-06 20:45:41.096 INFO  [http-nio-1000-exec-1]org.springframework.web.servlet.DispatcherServlet.initServletBean:547 -Completed initialization in 13 ms
2020-04-06 20:45:41.177 INFO  [http-nio-1000-exec-1]com.lza.blog.aspect.RequestAspect.printRequestLog:120 -请求地址 : /admin/login
2020-04-06 20:45:41.178 INFO  [http-nio-1000-exec-1]com.lza.blog.aspect.RequestAspect.printRequestLog:121 -请求方式 : POST
2020-04-06 20:45:41.183 INFO  [http-nio-1000-exec-1]com.lza.blog.aspect.RequestAspect.printRequestLog:124 -IP : 0:0:0:0:0:0:0:1
2020-04-06 20:45:41.184 INFO  [http-nio-1000-exec-1]com.lza.blog.aspect.RequestAspect.printRequestLog:126 -方法 : com.lza.blog.controller.AdminController.login
2020-04-06 20:45:41.185 INFO  [http-nio-1000-exec-1]com.lza.blog.aspect.RequestAspect.printRequestLog:128 -请求参数：[Admin(id=null, name=null, header=null, signature=null, comment=null, username=admin, password=21232f297a57a5a743894a0e4a801fc3)]
2020-04-06 20:45:41.352 INFO  [http-nio-1000-exec-1]com.lza.blog.aspect.RequestAspect.doAround:74 -耗时 : 175
2020-04-06 20:45:41.409 INFO  [http-nio-1000-exec-1]com.lza.blog.aspect.RequestAspect.doAfterReturning:89 -返回值：{"code":20000,"data":{"token":"2EEC5D8326AD03608EC7FCE6557A4D52"},"msg":"操作成功!"}
2020-04-06 20:45:45.670 INFO  [http-nio-1000-exec-4]com.lza.blog.aspect.RequestAspect.printRequestLog:120 -请求地址 : /music/save
2020-04-06 20:45:45.670 INFO  [http-nio-1000-exec-4]com.lza.blog.aspect.RequestAspect.printRequestLog:121 -请求方式 : POST
2020-04-06 20:45:45.671 INFO  [http-nio-1000-exec-4]com.lza.blog.aspect.RequestAspect.printRequestLog:124 -IP : 0:0:0:0:0:0:0:1
2020-04-06 20:45:45.671 INFO  [http-nio-1000-exec-4]com.lza.blog.aspect.RequestAspect.printRequestLog:126 -方法 : com.lza.blog.controller.MusicController.save
2020-04-06 20:45:45.671 INFO  [http-nio-1000-exec-4]com.lza.blog.aspect.RequestAspect.printRequestLog:128 -请求参数：[Music(id=null, name=算什么男人, artist=周杰伦, url=地址, cover=封面, lrc=null, createdTime=null, enabled=null, deleted=null)]
2020-04-06 20:45:45.814 INFO  [http-nio-1000-exec-4]com.lza.blog.aspect.RequestAspect.doAround:74 -耗时 : 144
2020-04-06 20:45:45.815 INFO  [http-nio-1000-exec-4]com.lza.blog.aspect.RequestAspect.doAfterReturning:89 -返回值：{"code":20000,"msg":"添加成功！"}
2020-04-06 20:45:56.354 INFO  [http-nio-1000-exec-2]com.lza.blog.aspect.RequestAspect.printRequestLog:120 -请求地址 : /music/save
2020-04-06 20:45:56.355 INFO  [http-nio-1000-exec-2]com.lza.blog.aspect.RequestAspect.printRequestLog:121 -请求方式 : POST
2020-04-06 20:45:56.355 INFO  [http-nio-1000-exec-2]com.lza.blog.aspect.RequestAspect.printRequestLog:124 -IP : 0:0:0:0:0:0:0:1
2020-04-06 20:45:56.355 INFO  [http-nio-1000-exec-2]com.lza.blog.aspect.RequestAspect.printRequestLog:126 -方法 : com.lza.blog.controller.MusicController.save
2020-04-06 20:45:56.356 INFO  [http-nio-1000-exec-2]com.lza.blog.aspect.RequestAspect.printRequestLog:128 -请求参数：[Music(id=null, name=晴天, artist=周杰伦, url=地址, cover=封面, lrc=null, createdTime=null, enabled=null, deleted=null)]
2020-04-06 20:45:56.504 INFO  [http-nio-1000-exec-2]com.lza.blog.aspect.RequestAspect.doAround:74 -耗时 : 150
2020-04-06 20:45:56.504 INFO  [http-nio-1000-exec-2]com.lza.blog.aspect.RequestAspect.doAfterReturning:89 -返回值：{"code":20000,"msg":"添加成功！"}
2020-04-06 20:46:05.331 INFO  [http-nio-1000-exec-5]com.lza.blog.aspect.RequestAspect.printRequestLog:120 -请求地址 : /music/save
2020-04-06 20:46:05.331 INFO  [http-nio-1000-exec-5]com.lza.blog.aspect.RequestAspect.printRequestLog:121 -请求方式 : POST
2020-04-06 20:46:05.332 INFO  [http-nio-1000-exec-5]com.lza.blog.aspect.RequestAspect.printRequestLog:124 -IP : 0:0:0:0:0:0:0:1
2020-04-06 20:46:05.332 INFO  [http-nio-1000-exec-5]com.lza.blog.aspect.RequestAspect.printRequestLog:126 -方法 : com.lza.blog.controller.MusicController.save
2020-04-06 20:46:05.332 INFO  [http-nio-1000-exec-5]com.lza.blog.aspect.RequestAspect.printRequestLog:128 -请求参数：[Music(id=null, name=青花瓷, artist=周杰伦, url=地址, cover=封面, lrc=null, createdTime=null, enabled=null, deleted=null)]
2020-04-06 20:46:05.475 INFO  [http-nio-1000-exec-5]com.lza.blog.aspect.RequestAspect.doAround:74 -耗时 : 144
2020-04-06 20:46:05.475 INFO  [http-nio-1000-exec-5]com.lza.blog.aspect.RequestAspect.doAfterReturning:89 -返回值：{"code":20000,"msg":"添加成功！"}
2020-04-06 20:46:44.340 INFO  [http-nio-1000-exec-7]com.lza.blog.aspect.RequestAspect.printRequestLog:120 -请求地址 : /music/get/1
2020-04-06 20:46:44.340 INFO  [http-nio-1000-exec-7]com.lza.blog.aspect.RequestAspect.printRequestLog:121 -请求方式 : GET
2020-04-06 20:46:44.341 INFO  [http-nio-1000-exec-7]com.lza.blog.aspect.RequestAspect.printRequestLog:124 -IP : 0:0:0:0:0:0:0:1
2020-04-06 20:46:44.341 INFO  [http-nio-1000-exec-7]com.lza.blog.aspect.RequestAspect.printRequestLog:126 -方法 : com.lza.blog.controller.MusicController.getById
2020-04-06 20:46:44.341 INFO  [http-nio-1000-exec-7]com.lza.blog.aspect.RequestAspect.printRequestLog:128 -请求参数：[1]
2020-04-06 20:46:52.656 INFO  [http-nio-1000-exec-9]com.lza.blog.aspect.RequestAspect.printRequestLog:120 -请求地址 : /music/get/1
2020-04-06 20:46:52.657 INFO  [http-nio-1000-exec-9]com.lza.blog.aspect.RequestAspect.printRequestLog:121 -请求方式 : GET
2020-04-06 20:46:52.657 INFO  [http-nio-1000-exec-9]com.lza.blog.aspect.RequestAspect.printRequestLog:124 -IP : 0:0:0:0:0:0:0:1
2020-04-06 20:46:52.657 INFO  [http-nio-1000-exec-9]com.lza.blog.aspect.RequestAspect.printRequestLog:126 -方法 : com.lza.blog.controller.MusicController.getById
2020-04-06 20:46:52.657 INFO  [http-nio-1000-exec-9]com.lza.blog.aspect.RequestAspect.printRequestLog:128 -请求参数：[1]
2020-04-06 20:49:09.668 INFO  [Thread-17]com.alibaba.druid.pool.DruidDataSource.close:1825 -{dataSource-1} closed
2020-04-06 20:49:13.030 INFO  [main]com.lza.blog.BlogApplication.logStarting:50 -Starting BlogApplication on liu with PID 16708 (D:\software\JAVA\blog\target\classes started by liu in D:\software\JAVA\blog)
2020-04-06 20:49:13.035 INFO  [main]com.lza.blog.BlogApplication.logStartupProfileInfo:648 -No active profile set, falling back to default profiles: default
2020-04-06 20:49:13.812 INFO  [main]o.s.c.s.PostProcessorRegistrationDelegate$BeanPostProcessorChecker.postProcessAfterInitialization:330 -Bean 'shiroConfig' of type [com.lza.blog.config.ShiroConfig$$EnhancerBySpringCGLIB$$9cb9980c] is not eligible for getting processed by all BeanPostProcessors (for example: not eligible for auto-proxying)
2020-04-06 20:49:13.856 INFO  [main]o.s.c.s.PostProcessorRegistrationDelegate$BeanPostProcessorChecker.postProcessAfterInitialization:330 -Bean 'mybatis-org.mybatis.spring.boot.autoconfigure.MybatisProperties' of type [org.mybatis.spring.boot.autoconfigure.MybatisProperties] is not eligible for getting processed by all BeanPostProcessors (for example: not eligible for auto-proxying)
2020-04-06 20:49:13.864 INFO  [main]o.s.c.s.PostProcessorRegistrationDelegate$BeanPostProcessorChecker.postProcessAfterInitialization:330 -Bean 'org.mybatis.spring.boot.autoconfigure.MybatisAutoConfiguration' of type [org.mybatis.spring.boot.autoconfigure.MybatisAutoConfiguration$$EnhancerBySpringCGLIB$$75bcb12c] is not eligible for getting processed by all BeanPostProcessors (for example: not eligible for auto-proxying)
2020-04-06 20:49:13.867 INFO  [main]o.s.c.s.PostProcessorRegistrationDelegate$BeanPostProcessorChecker.postProcessAfterInitialization:330 -Bean 'com.alibaba.druid.spring.boot.autoconfigure.DruidDataSourceAutoConfigure' of type [com.alibaba.druid.spring.boot.autoconfigure.DruidDataSourceAutoConfigure$$EnhancerBySpringCGLIB$$5c94556e] is not eligible for getting processed by all BeanPostProcessors (for example: not eligible for auto-proxying)
2020-04-06 20:49:13.872 INFO  [main]c.a.d.s.boot.autoconfigure.DruidDataSourceAutoConfigure.dataSource:56 -Init DruidDataSource
2020-04-06 20:49:13.909 INFO  [main]o.s.c.s.PostProcessorRegistrationDelegate$BeanPostProcessorChecker.postProcessAfterInitialization:330 -Bean 'spring.datasource-org.springframework.boot.autoconfigure.jdbc.DataSourceProperties' of type [org.springframework.boot.autoconfigure.jdbc.DataSourceProperties] is not eligible for getting processed by all BeanPostProcessors (for example: not eligible for auto-proxying)
2020-04-06 20:49:13.920 INFO  [main]o.s.c.s.PostProcessorRegistrationDelegate$BeanPostProcessorChecker.postProcessAfterInitialization:330 -Bean 'com.alibaba.druid.spring.boot.autoconfigure.stat.DruidFilterConfiguration' of type [com.alibaba.druid.spring.boot.autoconfigure.stat.DruidFilterConfiguration] is not eligible for getting processed by all BeanPostProcessors (for example: not eligible for auto-proxying)
2020-04-06 20:49:13.937 INFO  [main]o.s.c.s.PostProcessorRegistrationDelegate$BeanPostProcessorChecker.postProcessAfterInitialization:330 -Bean 'statFilter' of type [com.alibaba.druid.filter.stat.StatFilter] is not eligible for getting processed by all BeanPostProcessors (for example: not eligible for auto-proxying)
2020-04-06 20:49:17.759 INFO  [main]com.alibaba.druid.pool.DruidDataSource.init:930 -{dataSource-1} inited
2020-04-06 20:49:17.760 INFO  [main]o.s.c.s.PostProcessorRegistrationDelegate$BeanPostProcessorChecker.postProcessAfterInitialization:330 -Bean 'dataSource' of type [com.alibaba.druid.spring.boot.autoconfigure.DruidDataSourceWrapper] is not eligible for getting processed by all BeanPostProcessors (for example: not eligible for auto-proxying)
2020-04-06 20:49:17.814 INFO  [main]o.s.c.s.PostProcessorRegistrationDelegate$BeanPostProcessorChecker.postProcessAfterInitialization:330 -Bean 'org.springframework.boot.autoconfigure.jdbc.DataSourceInitializerInvoker' of type [org.springframework.boot.autoconfigure.jdbc.DataSourceInitializerInvoker] is not eligible for getting processed by all BeanPostProcessors (for example: not eligible for auto-proxying)
2020-04-06 20:49:17.983 INFO  [main]o.s.c.s.PostProcessorRegistrationDelegate$BeanPostProcessorChecker.postProcessAfterInitialization:330 -Bean 'sqlSessionFactory' of type [org.apache.ibatis.session.defaults.DefaultSqlSessionFactory] is not eligible for getting processed by all BeanPostProcessors (for example: not eligible for auto-proxying)
2020-04-06 20:49:17.988 INFO  [main]o.s.c.s.PostProcessorRegistrationDelegate$BeanPostProcessorChecker.postProcessAfterInitialization:330 -Bean 'sqlSessionTemplate' of type [org.mybatis.spring.SqlSessionTemplate] is not eligible for getting processed by all BeanPostProcessors (for example: not eligible for auto-proxying)
2020-04-06 20:49:17.996 INFO  [main]o.s.c.s.PostProcessorRegistrationDelegate$BeanPostProcessorChecker.postProcessAfterInitialization:330 -Bean 'adminMapper' of type [org.mybatis.spring.mapper.MapperFactoryBean] is not eligible for getting processed by all BeanPostProcessors (for example: not eligible for auto-proxying)
2020-04-06 20:49:17.999 INFO  [main]o.s.c.s.PostProcessorRegistrationDelegate$BeanPostProcessorChecker.postProcessAfterInitialization:330 -Bean 'adminMapper' of type [com.sun.proxy.$Proxy74] is not eligible for getting processed by all BeanPostProcessors (for example: not eligible for auto-proxying)
2020-04-06 20:49:18.000 INFO  [main]o.s.c.s.PostProcessorRegistrationDelegate$BeanPostProcessorChecker.postProcessAfterInitialization:330 -Bean 'adminServiceImpl' of type [com.lza.blog.service.impl.AdminServiceImpl] is not eligible for getting processed by all BeanPostProcessors (for example: not eligible for auto-proxying)
2020-04-06 20:49:18.002 INFO  [main]o.s.c.s.PostProcessorRegistrationDelegate$BeanPostProcessorChecker.postProcessAfterInitialization:330 -Bean 'adminRealm' of type [com.lza.blog.realm.AdminRealm] is not eligible for getting processed by all BeanPostProcessors (for example: not eligible for auto-proxying)
2020-04-06 20:49:18.031 INFO  [main]o.s.c.s.PostProcessorRegistrationDelegate$BeanPostProcessorChecker.postProcessAfterInitialization:330 -Bean 'securityManager' of type [org.apache.shiro.web.mgt.DefaultWebSecurityManager] is not eligible for getting processed by all BeanPostProcessors (for example: not eligible for auto-proxying)
2020-04-06 20:49:18.051 INFO  [main]o.s.c.s.PostProcessorRegistrationDelegate$BeanPostProcessorChecker.postProcessAfterInitialization:330 -Bean 'authorizationAttributeSourceAdvisor' of type [org.apache.shiro.spring.security.interceptor.AuthorizationAttributeSourceAdvisor] is not eligible for getting processed by all BeanPostProcessors (for example: not eligible for auto-proxying)
2020-04-06 20:49:18.299 INFO  [main]o.s.boot.web.embedded.tomcat.TomcatWebServer.initialize:90 -Tomcat initialized with port(s): 1000 (http)
2020-04-06 20:49:18.311 INFO  [main]org.apache.coyote.http11.Http11NioProtocol.log:173 -Initializing ProtocolHandler ["http-nio-1000"]
2020-04-06 20:49:18.317 INFO  [main]org.apache.catalina.core.StandardService.log:173 -Starting service [Tomcat]
2020-04-06 20:49:18.317 INFO  [main]org.apache.catalina.core.StandardEngine.log:173 -Starting Servlet engine: [Apache Tomcat/9.0.31]
2020-04-06 20:49:18.439 INFO  [main]o.a.catalina.core.ContainerBase.[Tomcat].[localhost].[/].log:173 -Initializing Spring embedded WebApplicationContext
2020-04-06 20:49:18.439 INFO  [main]org.springframework.web.context.ContextLoader.prepareWebApplicationContext:284 -Root WebApplicationContext: initialization completed in 5323 ms
2020-04-06 20:49:19.472 INFO  [main]org.apache.coyote.http11.Http11NioProtocol.log:173 -Starting ProtocolHandler ["http-nio-1000"]
2020-04-06 20:49:19.489 INFO  [main]o.s.boot.web.embedded.tomcat.TomcatWebServer.start:202 -Tomcat started on port(s): 1000 (http) with context path ''
2020-04-06 20:49:19.492 INFO  [main]com.lza.blog.BlogApplication.logStarted:59 -Started BlogApplication in 6.996 seconds (JVM running for 7.98)
2020-04-06 20:49:25.336 INFO  [http-nio-1000-exec-2]o.a.catalina.core.ContainerBase.[Tomcat].[localhost].[/].log:173 -Initializing Spring DispatcherServlet 'dispatcherServlet'
2020-04-06 20:49:25.336 INFO  [http-nio-1000-exec-2]org.springframework.web.servlet.DispatcherServlet.initServletBean:525 -Initializing Servlet 'dispatcherServlet'
2020-04-06 20:49:25.349 INFO  [http-nio-1000-exec-2]org.springframework.web.servlet.DispatcherServlet.initServletBean:547 -Completed initialization in 13 ms
2020-04-06 20:49:25.423 INFO  [http-nio-1000-exec-2]com.lza.blog.aspect.RequestAspect.printRequestLog:120 -请求地址 : /admin/login
2020-04-06 20:49:25.424 INFO  [http-nio-1000-exec-2]com.lza.blog.aspect.RequestAspect.printRequestLog:121 -请求方式 : POST
2020-04-06 20:49:25.428 INFO  [http-nio-1000-exec-2]com.lza.blog.aspect.RequestAspect.printRequestLog:124 -IP : 0:0:0:0:0:0:0:1
2020-04-06 20:49:25.430 INFO  [http-nio-1000-exec-2]com.lza.blog.aspect.RequestAspect.printRequestLog:126 -方法 : com.lza.blog.controller.AdminController.login
2020-04-06 20:49:25.430 INFO  [http-nio-1000-exec-2]com.lza.blog.aspect.RequestAspect.printRequestLog:128 -请求参数：[Admin(id=null, name=null, header=null, signature=null, comment=null, username=admin, password=21232f297a57a5a743894a0e4a801fc3)]
2020-04-06 20:49:25.601 INFO  [http-nio-1000-exec-2]com.lza.blog.aspect.RequestAspect.doAround:74 -耗时 : 178
2020-04-06 20:49:25.652 INFO  [http-nio-1000-exec-2]com.lza.blog.aspect.RequestAspect.doAfterReturning:89 -返回值：{"code":20000,"data":{"token":"54F4A80E53AFC622AE153FA2BB65F574"},"msg":"操作成功!"}
2020-04-06 20:49:30.890 INFO  [http-nio-1000-exec-3]com.lza.blog.aspect.RequestAspect.printRequestLog:120 -请求地址 : /music/get/1
2020-04-06 20:49:30.890 INFO  [http-nio-1000-exec-3]com.lza.blog.aspect.RequestAspect.printRequestLog:121 -请求方式 : GET
2020-04-06 20:49:30.890 INFO  [http-nio-1000-exec-3]com.lza.blog.aspect.RequestAspect.printRequestLog:124 -IP : 0:0:0:0:0:0:0:1
2020-04-06 20:49:30.891 INFO  [http-nio-1000-exec-3]com.lza.blog.aspect.RequestAspect.printRequestLog:126 -方法 : com.lza.blog.controller.MusicController.getById
2020-04-06 20:49:30.891 INFO  [http-nio-1000-exec-3]com.lza.blog.aspect.RequestAspect.printRequestLog:128 -请求参数：[1]
2020-04-06 20:49:30.993 INFO  [http-nio-1000-exec-3]com.lza.blog.aspect.RequestAspect.doAround:74 -耗时 : 103
2020-04-06 20:49:30.996 INFO  [http-nio-1000-exec-3]com.lza.blog.aspect.RequestAspect.doAfterReturning:89 -返回值：{"code":20000,"data":{"artist":"周杰伦","cover":"封面","id":1,"name":"算什么男人","url":"地址"},"msg":"操作成功!"}
2020-04-06 20:49:34.999 INFO  [http-nio-1000-exec-4]com.lza.blog.aspect.RequestAspect.printRequestLog:120 -请求地址 : /music/get/2
2020-04-06 20:49:34.999 INFO  [http-nio-1000-exec-4]com.lza.blog.aspect.RequestAspect.printRequestLog:121 -请求方式 : GET
2020-04-06 20:49:35.000 INFO  [http-nio-1000-exec-4]com.lza.blog.aspect.RequestAspect.printRequestLog:124 -IP : 0:0:0:0:0:0:0:1
2020-04-06 20:49:35.000 INFO  [http-nio-1000-exec-4]com.lza.blog.aspect.RequestAspect.printRequestLog:126 -方法 : com.lza.blog.controller.MusicController.getById
2020-04-06 20:49:35.000 INFO  [http-nio-1000-exec-4]com.lza.blog.aspect.RequestAspect.printRequestLog:128 -请求参数：[2]
2020-04-06 20:49:35.100 INFO  [http-nio-1000-exec-4]com.lza.blog.aspect.RequestAspect.doAround:74 -耗时 : 101
2020-04-06 20:49:35.100 INFO  [http-nio-1000-exec-4]com.lza.blog.aspect.RequestAspect.doAfterReturning:89 -返回值：{"code":20000,"data":{"artist":"周杰伦","cover":"封面","id":2,"name":"晴天","url":"地址"},"msg":"操作成功!"}
2020-04-06 20:50:51.080 INFO  [http-nio-1000-exec-7]com.lza.blog.aspect.RequestAspect.printRequestLog:120 -请求地址 : /music/get/3
2020-04-06 20:50:51.081 INFO  [http-nio-1000-exec-7]com.lza.blog.aspect.RequestAspect.printRequestLog:121 -请求方式 : GET
2020-04-06 20:50:51.081 INFO  [http-nio-1000-exec-7]com.lza.blog.aspect.RequestAspect.printRequestLog:124 -IP : 0:0:0:0:0:0:0:1
2020-04-06 20:50:51.081 INFO  [http-nio-1000-exec-7]com.lza.blog.aspect.RequestAspect.printRequestLog:126 -方法 : com.lza.blog.controller.MusicController.getById
2020-04-06 20:50:51.081 INFO  [http-nio-1000-exec-7]com.lza.blog.aspect.RequestAspect.printRequestLog:128 -请求参数：[3]
2020-04-06 20:50:51.187 INFO  [http-nio-1000-exec-7]com.lza.blog.aspect.RequestAspect.doAround:74 -耗时 : 107
2020-04-06 20:50:51.187 INFO  [http-nio-1000-exec-7]com.lza.blog.aspect.RequestAspect.doAfterReturning:89 -返回值：{"code":20000,"data":{"artist":"周杰伦","cover":"封面","id":3,"name":"青花瓷","url":"地址"},"msg":"操作成功!"}
2020-04-06 20:52:20.046 INFO  [http-nio-1000-exec-4]com.lza.blog.aspect.RequestAspect.printRequestLog:120 -请求地址 : /music/get/3
2020-04-06 20:52:20.047 INFO  [http-nio-1000-exec-4]com.lza.blog.aspect.RequestAspect.printRequestLog:121 -请求方式 : GET
2020-04-06 20:52:20.047 INFO  [http-nio-1000-exec-4]com.lza.blog.aspect.RequestAspect.printRequestLog:124 -IP : 0:0:0:0:0:0:0:1
2020-04-06 20:52:20.047 INFO  [http-nio-1000-exec-4]com.lza.blog.aspect.RequestAspect.printRequestLog:126 -方法 : com.lza.blog.controller.MusicController.getById
2020-04-06 20:52:20.047 INFO  [http-nio-1000-exec-4]com.lza.blog.aspect.RequestAspect.printRequestLog:128 -请求参数：[3]
2020-04-06 20:52:20.146 INFO  [http-nio-1000-exec-4]com.lza.blog.aspect.RequestAspect.doAround:74 -耗时 : 100
2020-04-06 20:52:20.147 INFO  [http-nio-1000-exec-4]com.lza.blog.aspect.RequestAspect.doAfterReturning:89 -返回值：{"code":20000,"data":{"artist":"周杰伦","cover":"封面","id":3,"name":"青花瓷","url":"地址"},"msg":"操作成功!"}
2020-04-06 20:52:32.860 INFO  [http-nio-1000-exec-7]com.lza.blog.aspect.RequestAspect.printRequestLog:120 -请求地址 : /admin/login
2020-04-06 20:52:32.860 INFO  [http-nio-1000-exec-7]com.lza.blog.aspect.RequestAspect.printRequestLog:121 -请求方式 : POST
2020-04-06 20:52:32.861 INFO  [http-nio-1000-exec-7]com.lza.blog.aspect.RequestAspect.printRequestLog:124 -IP : 0:0:0:0:0:0:0:1
2020-04-06 20:52:32.861 INFO  [http-nio-1000-exec-7]com.lza.blog.aspect.RequestAspect.printRequestLog:126 -方法 : com.lza.blog.controller.AdminController.login
2020-04-06 20:52:32.861 INFO  [http-nio-1000-exec-7]com.lza.blog.aspect.RequestAspect.printRequestLog:128 -请求参数：[Admin(id=null, name=null, header=null, signature=null, comment=null, username=admin, password=21232f297a57a5a743894a0e4a801fc3)]
2020-04-06 20:52:32.961 INFO  [http-nio-1000-exec-7]com.lza.blog.aspect.RequestAspect.doAround:74 -耗时 : 101
2020-04-06 20:52:32.961 INFO  [http-nio-1000-exec-7]com.lza.blog.aspect.RequestAspect.doAfterReturning:89 -返回值：{"code":20000,"data":{"token":"54F4A80E53AFC622AE153FA2BB65F574"},"msg":"操作成功!"}
2020-04-06 20:52:50.939 INFO  [http-nio-1000-exec-8]com.lza.blog.aspect.RequestAspect.printRequestLog:120 -请求地址 : /music/update
2020-04-06 20:52:50.939 INFO  [http-nio-1000-exec-8]com.lza.blog.aspect.RequestAspect.printRequestLog:121 -请求方式 : PUT
2020-04-06 20:52:50.940 INFO  [http-nio-1000-exec-8]com.lza.blog.aspect.RequestAspect.printRequestLog:124 -IP : 0:0:0:0:0:0:0:1
2020-04-06 20:52:50.940 INFO  [http-nio-1000-exec-8]com.lza.blog.aspect.RequestAspect.printRequestLog:126 -方法 : com.lza.blog.controller.MusicController.update
2020-04-06 20:52:50.941 INFO  [http-nio-1000-exec-8]com.lza.blog.aspect.RequestAspect.printRequestLog:128 -请求参数：[Music(id=3, name=青花瓷1, artist=周杰伦, url=地址, cover=封面, lrc=null, createdTime=null, enabled=null, deleted=null)]
2020-04-06 20:53:33.436 INFO  [Thread-16]com.alibaba.druid.pool.DruidDataSource.close:1825 -{dataSource-1} closed
2020-04-06 20:53:50.630 INFO  [main]com.lza.blog.BlogApplication.logStarting:50 -Starting BlogApplication on liu with PID 28716 (D:\software\JAVA\blog\target\classes started by liu in D:\software\JAVA\blog)
2020-04-06 20:53:50.634 INFO  [main]com.lza.blog.BlogApplication.logStartupProfileInfo:648 -No active profile set, falling back to default profiles: default
2020-04-06 20:53:51.418 INFO  [main]o.s.c.s.PostProcessorRegistrationDelegate$BeanPostProcessorChecker.postProcessAfterInitialization:330 -Bean 'shiroConfig' of type [com.lza.blog.config.ShiroConfig$$EnhancerBySpringCGLIB$$11135790] is not eligible for getting processed by all BeanPostProcessors (for example: not eligible for auto-proxying)
2020-04-06 20:53:51.462 INFO  [main]o.s.c.s.PostProcessorRegistrationDelegate$BeanPostProcessorChecker.postProcessAfterInitialization:330 -Bean 'mybatis-org.mybatis.spring.boot.autoconfigure.MybatisProperties' of type [org.mybatis.spring.boot.autoconfigure.MybatisProperties] is not eligible for getting processed by all BeanPostProcessors (for example: not eligible for auto-proxying)
2020-04-06 20:53:51.470 INFO  [main]o.s.c.s.PostProcessorRegistrationDelegate$BeanPostProcessorChecker.postProcessAfterInitialization:330 -Bean 'org.mybatis.spring.boot.autoconfigure.MybatisAutoConfiguration' of type [org.mybatis.spring.boot.autoconfigure.MybatisAutoConfiguration$$EnhancerBySpringCGLIB$$ea1670b0] is not eligible for getting processed by all BeanPostProcessors (for example: not eligible for auto-proxying)
2020-04-06 20:53:51.474 INFO  [main]o.s.c.s.PostProcessorRegistrationDelegate$BeanPostProcessorChecker.postProcessAfterInitialization:330 -Bean 'com.alibaba.druid.spring.boot.autoconfigure.DruidDataSourceAutoConfigure' of type [com.alibaba.druid.spring.boot.autoconfigure.DruidDataSourceAutoConfigure$$EnhancerBySpringCGLIB$$d0ee14f2] is not eligible for getting processed by all BeanPostProcessors (for example: not eligible for auto-proxying)
2020-04-06 20:53:51.476 INFO  [main]c.a.d.s.boot.autoconfigure.DruidDataSourceAutoConfigure.dataSource:56 -Init DruidDataSource
2020-04-06 20:53:51.512 INFO  [main]o.s.c.s.PostProcessorRegistrationDelegate$BeanPostProcessorChecker.postProcessAfterInitialization:330 -Bean 'spring.datasource-org.springframework.boot.autoconfigure.jdbc.DataSourceProperties' of type [org.springframework.boot.autoconfigure.jdbc.DataSourceProperties] is not eligible for getting processed by all BeanPostProcessors (for example: not eligible for auto-proxying)
2020-04-06 20:53:51.525 INFO  [main]o.s.c.s.PostProcessorRegistrationDelegate$BeanPostProcessorChecker.postProcessAfterInitialization:330 -Bean 'com.alibaba.druid.spring.boot.autoconfigure.stat.DruidFilterConfiguration' of type [com.alibaba.druid.spring.boot.autoconfigure.stat.DruidFilterConfiguration] is not eligible for getting processed by all BeanPostProcessors (for example: not eligible for auto-proxying)
2020-04-06 20:53:51.542 INFO  [main]o.s.c.s.PostProcessorRegistrationDelegate$BeanPostProcessorChecker.postProcessAfterInitialization:330 -Bean 'statFilter' of type [com.alibaba.druid.filter.stat.StatFilter] is not eligible for getting processed by all BeanPostProcessors (for example: not eligible for auto-proxying)
2020-04-06 20:53:55.427 INFO  [main]com.alibaba.druid.pool.DruidDataSource.init:930 -{dataSource-1} inited
2020-04-06 20:53:55.427 INFO  [main]o.s.c.s.PostProcessorRegistrationDelegate$BeanPostProcessorChecker.postProcessAfterInitialization:330 -Bean 'dataSource' of type [com.alibaba.druid.spring.boot.autoconfigure.DruidDataSourceWrapper] is not eligible for getting processed by all BeanPostProcessors (for example: not eligible for auto-proxying)
2020-04-06 20:53:55.482 INFO  [main]o.s.c.s.PostProcessorRegistrationDelegate$BeanPostProcessorChecker.postProcessAfterInitialization:330 -Bean 'org.springframework.boot.autoconfigure.jdbc.DataSourceInitializerInvoker' of type [org.springframework.boot.autoconfigure.jdbc.DataSourceInitializerInvoker] is not eligible for getting processed by all BeanPostProcessors (for example: not eligible for auto-proxying)
2020-04-06 20:53:55.648 INFO  [main]o.s.c.s.PostProcessorRegistrationDelegate$BeanPostProcessorChecker.postProcessAfterInitialization:330 -Bean 'sqlSessionFactory' of type [org.apache.ibatis.session.defaults.DefaultSqlSessionFactory] is not eligible for getting processed by all BeanPostProcessors (for example: not eligible for auto-proxying)
2020-04-06 20:53:55.653 INFO  [main]o.s.c.s.PostProcessorRegistrationDelegate$BeanPostProcessorChecker.postProcessAfterInitialization:330 -Bean 'sqlSessionTemplate' of type [org.mybatis.spring.SqlSessionTemplate] is not eligible for getting processed by all BeanPostProcessors (for example: not eligible for auto-proxying)
2020-04-06 20:53:55.660 INFO  [main]o.s.c.s.PostProcessorRegistrationDelegate$BeanPostProcessorChecker.postProcessAfterInitialization:330 -Bean 'adminMapper' of type [org.mybatis.spring.mapper.MapperFactoryBean] is not eligible for getting processed by all BeanPostProcessors (for example: not eligible for auto-proxying)
2020-04-06 20:53:55.663 INFO  [main]o.s.c.s.PostProcessorRegistrationDelegate$BeanPostProcessorChecker.postProcessAfterInitialization:330 -Bean 'adminMapper' of type [com.sun.proxy.$Proxy74] is not eligible for getting processed by all BeanPostProcessors (for example: not eligible for auto-proxying)
2020-04-06 20:53:55.664 INFO  [main]o.s.c.s.PostProcessorRegistrationDelegate$BeanPostProcessorChecker.postProcessAfterInitialization:330 -Bean 'adminServiceImpl' of type [com.lza.blog.service.impl.AdminServiceImpl] is not eligible for getting processed by all BeanPostProcessors (for example: not eligible for auto-proxying)
2020-04-06 20:53:55.665 INFO  [main]o.s.c.s.PostProcessorRegistrationDelegate$BeanPostProcessorChecker.postProcessAfterInitialization:330 -Bean 'adminRealm' of type [com.lza.blog.realm.AdminRealm] is not eligible for getting processed by all BeanPostProcessors (for example: not eligible for auto-proxying)
2020-04-06 20:53:55.696 INFO  [main]o.s.c.s.PostProcessorRegistrationDelegate$BeanPostProcessorChecker.postProcessAfterInitialization:330 -Bean 'securityManager' of type [org.apache.shiro.web.mgt.DefaultWebSecurityManager] is not eligible for getting processed by all BeanPostProcessors (for example: not eligible for auto-proxying)
2020-04-06 20:53:55.716 INFO  [main]o.s.c.s.PostProcessorRegistrationDelegate$BeanPostProcessorChecker.postProcessAfterInitialization:330 -Bean 'authorizationAttributeSourceAdvisor' of type [org.apache.shiro.spring.security.interceptor.AuthorizationAttributeSourceAdvisor] is not eligible for getting processed by all BeanPostProcessors (for example: not eligible for auto-proxying)
2020-04-06 20:53:56.002 INFO  [main]o.s.boot.web.embedded.tomcat.TomcatWebServer.initialize:90 -Tomcat initialized with port(s): 1000 (http)
2020-04-06 20:53:56.013 INFO  [main]org.apache.coyote.http11.Http11NioProtocol.log:173 -Initializing ProtocolHandler ["http-nio-1000"]
2020-04-06 20:53:56.026 INFO  [main]org.apache.catalina.core.StandardService.log:173 -Starting service [Tomcat]
2020-04-06 20:53:56.027 INFO  [main]org.apache.catalina.core.StandardEngine.log:173 -Starting Servlet engine: [Apache Tomcat/9.0.31]
2020-04-06 20:53:56.163 INFO  [main]o.a.catalina.core.ContainerBase.[Tomcat].[localhost].[/].log:173 -Initializing Spring embedded WebApplicationContext
2020-04-06 20:53:56.163 INFO  [main]org.springframework.web.context.ContextLoader.prepareWebApplicationContext:284 -Root WebApplicationContext: initialization completed in 5446 ms
2020-04-06 20:53:57.277 INFO  [main]org.apache.coyote.http11.Http11NioProtocol.log:173 -Starting ProtocolHandler ["http-nio-1000"]
2020-04-06 20:53:57.295 INFO  [main]o.s.boot.web.embedded.tomcat.TomcatWebServer.start:202 -Tomcat started on port(s): 1000 (http) with context path ''
2020-04-06 20:53:57.298 INFO  [main]com.lza.blog.BlogApplication.logStarted:59 -Started BlogApplication in 7.188 seconds (JVM running for 8.179)
2020-04-06 20:54:03.425 INFO  [http-nio-1000-exec-1]o.a.catalina.core.ContainerBase.[Tomcat].[localhost].[/].log:173 -Initializing Spring DispatcherServlet 'dispatcherServlet'
2020-04-06 20:54:03.426 INFO  [http-nio-1000-exec-1]org.springframework.web.servlet.DispatcherServlet.initServletBean:525 -Initializing Servlet 'dispatcherServlet'
2020-04-06 20:54:03.438 INFO  [http-nio-1000-exec-1]org.springframework.web.servlet.DispatcherServlet.initServletBean:547 -Completed initialization in 12 ms
2020-04-06 20:54:03.517 INFO  [http-nio-1000-exec-1]com.lza.blog.aspect.RequestAspect.printRequestLog:120 -请求地址 : /admin/login
2020-04-06 20:54:03.518 INFO  [http-nio-1000-exec-1]com.lza.blog.aspect.RequestAspect.printRequestLog:121 -请求方式 : POST
2020-04-06 20:54:03.522 INFO  [http-nio-1000-exec-1]com.lza.blog.aspect.RequestAspect.printRequestLog:124 -IP : 0:0:0:0:0:0:0:1
2020-04-06 20:54:03.524 INFO  [http-nio-1000-exec-1]com.lza.blog.aspect.RequestAspect.printRequestLog:126 -方法 : com.lza.blog.controller.AdminController.login
2020-04-06 20:54:03.524 INFO  [http-nio-1000-exec-1]com.lza.blog.aspect.RequestAspect.printRequestLog:128 -请求参数：[Admin(id=null, name=null, header=null, signature=null, comment=null, username=admin, password=21232f297a57a5a743894a0e4a801fc3)]
2020-04-06 20:54:03.696 INFO  [http-nio-1000-exec-1]com.lza.blog.aspect.RequestAspect.doAround:74 -耗时 : 179
2020-04-06 20:54:03.745 INFO  [http-nio-1000-exec-1]com.lza.blog.aspect.RequestAspect.doAfterReturning:89 -返回值：{"code":20000,"data":{"token":"EF641CD466F9814D5C1A0021434DE854"},"msg":"操作成功!"}
2020-04-06 20:54:11.057 INFO  [http-nio-1000-exec-3]com.lza.blog.aspect.RequestAspect.printRequestLog:120 -请求地址 : /music/update
2020-04-06 20:54:11.057 INFO  [http-nio-1000-exec-3]com.lza.blog.aspect.RequestAspect.printRequestLog:121 -请求方式 : PUT
2020-04-06 20:54:11.057 INFO  [http-nio-1000-exec-3]com.lza.blog.aspect.RequestAspect.printRequestLog:124 -IP : 0:0:0:0:0:0:0:1
2020-04-06 20:54:11.057 INFO  [http-nio-1000-exec-3]com.lza.blog.aspect.RequestAspect.printRequestLog:126 -方法 : com.lza.blog.controller.MusicController.update
2020-04-06 20:54:11.058 INFO  [http-nio-1000-exec-3]com.lza.blog.aspect.RequestAspect.printRequestLog:128 -请求参数：[Music(id=3, name=青花瓷1, artist=周杰伦, url=地址, cover=封面, lrc=null, createdTime=null, enable=null, deleted=null)]
2020-04-06 20:55:31.923 INFO  [http-nio-1000-exec-6]com.lza.blog.aspect.RequestAspect.printRequestLog:120 -请求地址 : /music/update
2020-04-06 20:55:31.924 INFO  [http-nio-1000-exec-6]com.lza.blog.aspect.RequestAspect.printRequestLog:121 -请求方式 : PUT
2020-04-06 20:55:31.924 INFO  [http-nio-1000-exec-6]com.lza.blog.aspect.RequestAspect.printRequestLog:124 -IP : 0:0:0:0:0:0:0:1
2020-04-06 20:55:31.925 INFO  [http-nio-1000-exec-6]com.lza.blog.aspect.RequestAspect.printRequestLog:126 -方法 : com.lza.blog.controller.MusicController.update
2020-04-06 20:55:31.925 INFO  [http-nio-1000-exec-6]com.lza.blog.aspect.RequestAspect.printRequestLog:128 -请求参数：[Music(id=3, name=青花瓷1, artist=周杰伦, url=地址, cover=封面, lrc=null, createdTime=null, enable=null, deleted=null)]
2020-04-06 21:08:54.392 INFO  [Thread-16]com.alibaba.druid.pool.DruidDataSource.close:1825 -{dataSource-1} closed
2020-04-06 21:08:57.863 INFO  [main]com.lza.blog.BlogApplication.logStarting:50 -Starting BlogApplication on liu with PID 5252 (D:\software\JAVA\blog\target\classes started by liu in D:\software\JAVA\blog)
2020-04-06 21:08:57.868 INFO  [main]com.lza.blog.BlogApplication.logStartupProfileInfo:648 -No active profile set, falling back to default profiles: default
2020-04-06 21:08:58.695 INFO  [main]o.s.c.s.PostProcessorRegistrationDelegate$BeanPostProcessorChecker.postProcessAfterInitialization:330 -Bean 'shiroConfig' of type [com.lza.blog.config.ShiroConfig$$EnhancerBySpringCGLIB$$35a387b3] is not eligible for getting processed by all BeanPostProcessors (for example: not eligible for auto-proxying)
2020-04-06 21:08:58.741 INFO  [main]o.s.c.s.PostProcessorRegistrationDelegate$BeanPostProcessorChecker.postProcessAfterInitialization:330 -Bean 'mybatis-org.mybatis.spring.boot.autoconfigure.MybatisProperties' of type [org.mybatis.spring.boot.autoconfigure.MybatisProperties] is not eligible for getting processed by all BeanPostProcessors (for example: not eligible for auto-proxying)
2020-04-06 21:08:58.749 INFO  [main]o.s.c.s.PostProcessorRegistrationDelegate$BeanPostProcessorChecker.postProcessAfterInitialization:330 -Bean 'org.mybatis.spring.boot.autoconfigure.MybatisAutoConfiguration' of type [org.mybatis.spring.boot.autoconfigure.MybatisAutoConfiguration$$EnhancerBySpringCGLIB$$ea6a0d3] is not eligible for getting processed by all BeanPostProcessors (for example: not eligible for auto-proxying)
2020-04-06 21:08:58.753 INFO  [main]o.s.c.s.PostProcessorRegistrationDelegate$BeanPostProcessorChecker.postProcessAfterInitialization:330 -Bean 'com.alibaba.druid.spring.boot.autoconfigure.DruidDataSourceAutoConfigure' of type [com.alibaba.druid.spring.boot.autoconfigure.DruidDataSourceAutoConfigure$$EnhancerBySpringCGLIB$$f57e4515] is not eligible for getting processed by all BeanPostProcessors (for example: not eligible for auto-proxying)
2020-04-06 21:08:58.755 INFO  [main]c.a.d.s.boot.autoconfigure.DruidDataSourceAutoConfigure.dataSource:56 -Init DruidDataSource
2020-04-06 21:08:58.793 INFO  [main]o.s.c.s.PostProcessorRegistrationDelegate$BeanPostProcessorChecker.postProcessAfterInitialization:330 -Bean 'spring.datasource-org.springframework.boot.autoconfigure.jdbc.DataSourceProperties' of type [org.springframework.boot.autoconfigure.jdbc.DataSourceProperties] is not eligible for getting processed by all BeanPostProcessors (for example: not eligible for auto-proxying)
2020-04-06 21:08:58.806 INFO  [main]o.s.c.s.PostProcessorRegistrationDelegate$BeanPostProcessorChecker.postProcessAfterInitialization:330 -Bean 'com.alibaba.druid.spring.boot.autoconfigure.stat.DruidFilterConfiguration' of type [com.alibaba.druid.spring.boot.autoconfigure.stat.DruidFilterConfiguration] is not eligible for getting processed by all BeanPostProcessors (for example: not eligible for auto-proxying)
2020-04-06 21:08:58.823 INFO  [main]o.s.c.s.PostProcessorRegistrationDelegate$BeanPostProcessorChecker.postProcessAfterInitialization:330 -Bean 'statFilter' of type [com.alibaba.druid.filter.stat.StatFilter] is not eligible for getting processed by all BeanPostProcessors (for example: not eligible for auto-proxying)
2020-04-06 21:09:02.609 INFO  [main]com.alibaba.druid.pool.DruidDataSource.init:930 -{dataSource-1} inited
2020-04-06 21:09:02.610 INFO  [main]o.s.c.s.PostProcessorRegistrationDelegate$BeanPostProcessorChecker.postProcessAfterInitialization:330 -Bean 'dataSource' of type [com.alibaba.druid.spring.boot.autoconfigure.DruidDataSourceWrapper] is not eligible for getting processed by all BeanPostProcessors (for example: not eligible for auto-proxying)
2020-04-06 21:09:02.664 INFO  [main]o.s.c.s.PostProcessorRegistrationDelegate$BeanPostProcessorChecker.postProcessAfterInitialization:330 -Bean 'org.springframework.boot.autoconfigure.jdbc.DataSourceInitializerInvoker' of type [org.springframework.boot.autoconfigure.jdbc.DataSourceInitializerInvoker] is not eligible for getting processed by all BeanPostProcessors (for example: not eligible for auto-proxying)
2020-04-06 21:09:02.828 INFO  [main]o.s.c.s.PostProcessorRegistrationDelegate$BeanPostProcessorChecker.postProcessAfterInitialization:330 -Bean 'sqlSessionFactory' of type [org.apache.ibatis.session.defaults.DefaultSqlSessionFactory] is not eligible for getting processed by all BeanPostProcessors (for example: not eligible for auto-proxying)
2020-04-06 21:09:02.833 INFO  [main]o.s.c.s.PostProcessorRegistrationDelegate$BeanPostProcessorChecker.postProcessAfterInitialization:330 -Bean 'sqlSessionTemplate' of type [org.mybatis.spring.SqlSessionTemplate] is not eligible for getting processed by all BeanPostProcessors (for example: not eligible for auto-proxying)
2020-04-06 21:09:02.840 INFO  [main]o.s.c.s.PostProcessorRegistrationDelegate$BeanPostProcessorChecker.postProcessAfterInitialization:330 -Bean 'adminMapper' of type [org.mybatis.spring.mapper.MapperFactoryBean] is not eligible for getting processed by all BeanPostProcessors (for example: not eligible for auto-proxying)
2020-04-06 21:09:02.843 INFO  [main]o.s.c.s.PostProcessorRegistrationDelegate$BeanPostProcessorChecker.postProcessAfterInitialization:330 -Bean 'adminMapper' of type [com.sun.proxy.$Proxy74] is not eligible for getting processed by all BeanPostProcessors (for example: not eligible for auto-proxying)
2020-04-06 21:09:02.845 INFO  [main]o.s.c.s.PostProcessorRegistrationDelegate$BeanPostProcessorChecker.postProcessAfterInitialization:330 -Bean 'adminServiceImpl' of type [com.lza.blog.service.impl.AdminServiceImpl] is not eligible for getting processed by all BeanPostProcessors (for example: not eligible for auto-proxying)
2020-04-06 21:09:02.845 INFO  [main]o.s.c.s.PostProcessorRegistrationDelegate$BeanPostProcessorChecker.postProcessAfterInitialization:330 -Bean 'adminRealm' of type [com.lza.blog.realm.AdminRealm] is not eligible for getting processed by all BeanPostProcessors (for example: not eligible for auto-proxying)
2020-04-06 21:09:02.875 INFO  [main]o.s.c.s.PostProcessorRegistrationDelegate$BeanPostProcessorChecker.postProcessAfterInitialization:330 -Bean 'securityManager' of type [org.apache.shiro.web.mgt.DefaultWebSecurityManager] is not eligible for getting processed by all BeanPostProcessors (for example: not eligible for auto-proxying)
2020-04-06 21:09:02.896 INFO  [main]o.s.c.s.PostProcessorRegistrationDelegate$BeanPostProcessorChecker.postProcessAfterInitialization:330 -Bean 'authorizationAttributeSourceAdvisor' of type [org.apache.shiro.spring.security.interceptor.AuthorizationAttributeSourceAdvisor] is not eligible for getting processed by all BeanPostProcessors (for example: not eligible for auto-proxying)
2020-04-06 21:09:03.149 INFO  [main]o.s.boot.web.embedded.tomcat.TomcatWebServer.initialize:90 -Tomcat initialized with port(s): 1000 (http)
2020-04-06 21:09:03.161 INFO  [main]org.apache.coyote.http11.Http11NioProtocol.log:173 -Initializing ProtocolHandler ["http-nio-1000"]
2020-04-06 21:09:03.167 INFO  [main]org.apache.catalina.core.StandardService.log:173 -Starting service [Tomcat]
2020-04-06 21:09:03.168 INFO  [main]org.apache.catalina.core.StandardEngine.log:173 -Starting Servlet engine: [Apache Tomcat/9.0.31]
2020-04-06 21:09:03.300 INFO  [main]o.a.catalina.core.ContainerBase.[Tomcat].[localhost].[/].log:173 -Initializing Spring embedded WebApplicationContext
2020-04-06 21:09:03.301 INFO  [main]org.springframework.web.context.ContextLoader.prepareWebApplicationContext:284 -Root WebApplicationContext: initialization completed in 5341 ms
2020-04-06 21:09:04.379 INFO  [main]org.apache.coyote.http11.Http11NioProtocol.log:173 -Starting ProtocolHandler ["http-nio-1000"]
2020-04-06 21:09:04.399 INFO  [main]o.s.boot.web.embedded.tomcat.TomcatWebServer.start:202 -Tomcat started on port(s): 1000 (http) with context path ''
2020-04-06 21:09:04.402 INFO  [main]com.lza.blog.BlogApplication.logStarted:59 -Started BlogApplication in 7.111 seconds (JVM running for 8.128)
2020-04-06 21:09:04.488 INFO  [http-nio-1000-exec-1]o.a.catalina.core.ContainerBase.[Tomcat].[localhost].[/].log:173 -Initializing Spring DispatcherServlet 'dispatcherServlet'
2020-04-06 21:09:04.488 INFO  [http-nio-1000-exec-1]org.springframework.web.servlet.DispatcherServlet.initServletBean:525 -Initializing Servlet 'dispatcherServlet'
2020-04-06 21:09:04.501 INFO  [http-nio-1000-exec-1]org.springframework.web.servlet.DispatcherServlet.initServletBean:547 -Completed initialization in 12 ms
2020-04-06 21:09:04.582 INFO  [http-nio-1000-exec-1]com.lza.blog.aspect.RequestAspect.printRequestLog:120 -请求地址 : /admin/login
2020-04-06 21:09:04.584 INFO  [http-nio-1000-exec-1]com.lza.blog.aspect.RequestAspect.printRequestLog:121 -请求方式 : POST
2020-04-06 21:09:04.588 INFO  [http-nio-1000-exec-1]com.lza.blog.aspect.RequestAspect.printRequestLog:124 -IP : 0:0:0:0:0:0:0:1
2020-04-06 21:09:04.591 INFO  [http-nio-1000-exec-1]com.lza.blog.aspect.RequestAspect.printRequestLog:126 -方法 : com.lza.blog.controller.AdminController.login
2020-04-06 21:09:04.591 INFO  [http-nio-1000-exec-1]com.lza.blog.aspect.RequestAspect.printRequestLog:128 -请求参数：[Admin(id=null, name=null, header=null, signature=null, comment=null, username=admin, password=21232f297a57a5a743894a0e4a801fc3)]
2020-04-06 21:09:04.768 INFO  [http-nio-1000-exec-1]com.lza.blog.aspect.RequestAspect.doAround:74 -耗时 : 186
2020-04-06 21:09:04.821 INFO  [http-nio-1000-exec-1]com.lza.blog.aspect.RequestAspect.doAfterReturning:89 -返回值：{"code":20000,"data":{"token":"23F62888A8172F50DC029405B07660DA"},"msg":"操作成功!"}
2020-04-06 21:09:11.950 INFO  [http-nio-1000-exec-3]com.lza.blog.aspect.RequestAspect.printRequestLog:120 -请求地址 : /music/update
2020-04-06 21:09:11.951 INFO  [http-nio-1000-exec-3]com.lza.blog.aspect.RequestAspect.printRequestLog:121 -请求方式 : PUT
2020-04-06 21:09:11.951 INFO  [http-nio-1000-exec-3]com.lza.blog.aspect.RequestAspect.printRequestLog:124 -IP : 0:0:0:0:0:0:0:1
2020-04-06 21:09:11.951 INFO  [http-nio-1000-exec-3]com.lza.blog.aspect.RequestAspect.printRequestLog:126 -方法 : com.lza.blog.controller.MusicController.update
2020-04-06 21:09:11.952 INFO  [http-nio-1000-exec-3]com.lza.blog.aspect.RequestAspect.printRequestLog:128 -请求参数：[Music(id=3, name=青花瓷1, artist=周杰伦, url=地址, cover=封面, lrc=null, createdTime=null, enable=null, deleted=null)]
2020-04-06 21:10:26.497 INFO  [Thread-16]com.alibaba.druid.pool.DruidDataSource.close:1825 -{dataSource-1} closed
2020-04-06 21:10:29.988 INFO  [main]com.lza.blog.BlogApplication.logStarting:50 -Starting BlogApplication on liu with PID 27896 (D:\software\JAVA\blog\target\classes started by liu in D:\software\JAVA\blog)
2020-04-06 21:10:29.992 INFO  [main]com.lza.blog.BlogApplication.logStartupProfileInfo:648 -No active profile set, falling back to default profiles: default
2020-04-06 21:10:30.795 INFO  [main]o.s.c.s.PostProcessorRegistrationDelegate$BeanPostProcessorChecker.postProcessAfterInitialization:330 -Bean 'shiroConfig' of type [com.lza.blog.config.ShiroConfig$$EnhancerBySpringCGLIB$$8c677cf8] is not eligible for getting processed by all BeanPostProcessors (for example: not eligible for auto-proxying)
2020-04-06 21:10:30.831 INFO  [main]o.s.c.s.PostProcessorRegistrationDelegate$BeanPostProcessorChecker.postProcessAfterInitialization:330 -Bean 'mybatis-org.mybatis.spring.boot.autoconfigure.MybatisProperties' of type [org.mybatis.spring.boot.autoconfigure.MybatisProperties] is not eligible for getting processed by all BeanPostProcessors (for example: not eligible for auto-proxying)
2020-04-06 21:10:30.839 INFO  [main]o.s.c.s.PostProcessorRegistrationDelegate$BeanPostProcessorChecker.postProcessAfterInitialization:330 -Bean 'org.mybatis.spring.boot.autoconfigure.MybatisAutoConfiguration' of type [org.mybatis.spring.boot.autoconfigure.MybatisAutoConfiguration$$EnhancerBySpringCGLIB$$656a9618] is not eligible for getting processed by all BeanPostProcessors (for example: not eligible for auto-proxying)
2020-04-06 21:10:30.843 INFO  [main]o.s.c.s.PostProcessorRegistrationDelegate$BeanPostProcessorChecker.postProcessAfterInitialization:330 -Bean 'com.alibaba.druid.spring.boot.autoconfigure.DruidDataSourceAutoConfigure' of type [com.alibaba.druid.spring.boot.autoconfigure.DruidDataSourceAutoConfigure$$EnhancerBySpringCGLIB$$4c423a5a] is not eligible for getting processed by all BeanPostProcessors (for example: not eligible for auto-proxying)
2020-04-06 21:10:30.845 INFO  [main]c.a.d.s.boot.autoconfigure.DruidDataSourceAutoConfigure.dataSource:56 -Init DruidDataSource
2020-04-06 21:10:30.882 INFO  [main]o.s.c.s.PostProcessorRegistrationDelegate$BeanPostProcessorChecker.postProcessAfterInitialization:330 -Bean 'spring.datasource-org.springframework.boot.autoconfigure.jdbc.DataSourceProperties' of type [org.springframework.boot.autoconfigure.jdbc.DataSourceProperties] is not eligible for getting processed by all BeanPostProcessors (for example: not eligible for auto-proxying)
2020-04-06 21:10:30.893 INFO  [main]o.s.c.s.PostProcessorRegistrationDelegate$BeanPostProcessorChecker.postProcessAfterInitialization:330 -Bean 'com.alibaba.druid.spring.boot.autoconfigure.stat.DruidFilterConfiguration' of type [com.alibaba.druid.spring.boot.autoconfigure.stat.DruidFilterConfiguration] is not eligible for getting processed by all BeanPostProcessors (for example: not eligible for auto-proxying)
2020-04-06 21:10:30.909 INFO  [main]o.s.c.s.PostProcessorRegistrationDelegate$BeanPostProcessorChecker.postProcessAfterInitialization:330 -Bean 'statFilter' of type [com.alibaba.druid.filter.stat.StatFilter] is not eligible for getting processed by all BeanPostProcessors (for example: not eligible for auto-proxying)
2020-04-06 21:10:34.852 INFO  [main]com.alibaba.druid.pool.DruidDataSource.init:930 -{dataSource-1} inited
2020-04-06 21:10:34.853 INFO  [main]o.s.c.s.PostProcessorRegistrationDelegate$BeanPostProcessorChecker.postProcessAfterInitialization:330 -Bean 'dataSource' of type [com.alibaba.druid.spring.boot.autoconfigure.DruidDataSourceWrapper] is not eligible for getting processed by all BeanPostProcessors (for example: not eligible for auto-proxying)
2020-04-06 21:10:34.942 INFO  [main]o.s.c.s.PostProcessorRegistrationDelegate$BeanPostProcessorChecker.postProcessAfterInitialization:330 -Bean 'org.springframework.boot.autoconfigure.jdbc.DataSourceInitializerInvoker' of type [org.springframework.boot.autoconfigure.jdbc.DataSourceInitializerInvoker] is not eligible for getting processed by all BeanPostProcessors (for example: not eligible for auto-proxying)
2020-04-06 21:10:35.217 INFO  [main]o.s.c.s.PostProcessorRegistrationDelegate$BeanPostProcessorChecker.postProcessAfterInitialization:330 -Bean 'sqlSessionFactory' of type [org.apache.ibatis.session.defaults.DefaultSqlSessionFactory] is not eligible for getting processed by all BeanPostProcessors (for example: not eligible for auto-proxying)
2020-04-06 21:10:35.226 INFO  [main]o.s.c.s.PostProcessorRegistrationDelegate$BeanPostProcessorChecker.postProcessAfterInitialization:330 -Bean 'sqlSessionTemplate' of type [org.mybatis.spring.SqlSessionTemplate] is not eligible for getting processed by all BeanPostProcessors (for example: not eligible for auto-proxying)
2020-04-06 21:10:35.236 INFO  [main]o.s.c.s.PostProcessorRegistrationDelegate$BeanPostProcessorChecker.postProcessAfterInitialization:330 -Bean 'adminMapper' of type [org.mybatis.spring.mapper.MapperFactoryBean] is not eligible for getting processed by all BeanPostProcessors (for example: not eligible for auto-proxying)
2020-04-06 21:10:35.241 INFO  [main]o.s.c.s.PostProcessorRegistrationDelegate$BeanPostProcessorChecker.postProcessAfterInitialization:330 -Bean 'adminMapper' of type [com.sun.proxy.$Proxy74] is not eligible for getting processed by all BeanPostProcessors (for example: not eligible for auto-proxying)
2020-04-06 21:10:35.242 INFO  [main]o.s.c.s.PostProcessorRegistrationDelegate$BeanPostProcessorChecker.postProcessAfterInitialization:330 -Bean 'adminServiceImpl' of type [com.lza.blog.service.impl.AdminServiceImpl] is not eligible for getting processed by all BeanPostProcessors (for example: not eligible for auto-proxying)
2020-04-06 21:10:35.243 INFO  [main]o.s.c.s.PostProcessorRegistrationDelegate$BeanPostProcessorChecker.postProcessAfterInitialization:330 -Bean 'adminRealm' of type [com.lza.blog.realm.AdminRealm] is not eligible for getting processed by all BeanPostProcessors (for example: not eligible for auto-proxying)
2020-04-06 21:10:35.294 INFO  [main]o.s.c.s.PostProcessorRegistrationDelegate$BeanPostProcessorChecker.postProcessAfterInitialization:330 -Bean 'securityManager' of type [org.apache.shiro.web.mgt.DefaultWebSecurityManager] is not eligible for getting processed by all BeanPostProcessors (for example: not eligible for auto-proxying)
2020-04-06 21:10:35.318 INFO  [main]o.s.c.s.PostProcessorRegistrationDelegate$BeanPostProcessorChecker.postProcessAfterInitialization:330 -Bean 'authorizationAttributeSourceAdvisor' of type [org.apache.shiro.spring.security.interceptor.AuthorizationAttributeSourceAdvisor] is not eligible for getting processed by all BeanPostProcessors (for example: not eligible for auto-proxying)
2020-04-06 21:10:35.712 INFO  [main]o.s.boot.web.embedded.tomcat.TomcatWebServer.initialize:90 -Tomcat initialized with port(s): 1000 (http)
2020-04-06 21:10:35.744 INFO  [main]org.apache.coyote.http11.Http11NioProtocol.log:173 -Initializing ProtocolHandler ["http-nio-1000"]
2020-04-06 21:10:35.752 INFO  [main]org.apache.catalina.core.StandardService.log:173 -Starting service [Tomcat]
2020-04-06 21:10:35.752 INFO  [main]org.apache.catalina.core.StandardEngine.log:173 -Starting Servlet engine: [Apache Tomcat/9.0.31]
2020-04-06 21:10:35.924 INFO  [main]o.a.catalina.core.ContainerBase.[Tomcat].[localhost].[/].log:173 -Initializing Spring embedded WebApplicationContext
2020-04-06 21:10:35.925 INFO  [main]org.springframework.web.context.ContextLoader.prepareWebApplicationContext:284 -Root WebApplicationContext: initialization completed in 5837 ms
2020-04-06 21:10:37.414 INFO  [main]org.apache.coyote.http11.Http11NioProtocol.log:173 -Starting ProtocolHandler ["http-nio-1000"]
2020-04-06 21:10:37.434 INFO  [main]o.s.boot.web.embedded.tomcat.TomcatWebServer.start:202 -Tomcat started on port(s): 1000 (http) with context path ''
2020-04-06 21:10:37.437 INFO  [main]com.lza.blog.BlogApplication.logStarted:59 -Started BlogApplication in 7.982 seconds (JVM running for 8.964)
2020-04-06 21:12:44.117 INFO  [http-nio-1000-exec-1]o.a.catalina.core.ContainerBase.[Tomcat].[localhost].[/].log:173 -Initializing Spring DispatcherServlet 'dispatcherServlet'
2020-04-06 21:12:44.118 INFO  [http-nio-1000-exec-1]org.springframework.web.servlet.DispatcherServlet.initServletBean:525 -Initializing Servlet 'dispatcherServlet'
2020-04-06 21:12:44.131 INFO  [http-nio-1000-exec-1]org.springframework.web.servlet.DispatcherServlet.initServletBean:547 -Completed initialization in 13 ms
2020-04-06 21:12:44.217 INFO  [http-nio-1000-exec-1]com.lza.blog.aspect.RequestAspect.printRequestLog:120 -请求地址 : /admin/login
2020-04-06 21:12:44.221 INFO  [http-nio-1000-exec-1]com.lza.blog.aspect.RequestAspect.printRequestLog:121 -请求方式 : POST
2020-04-06 21:12:44.226 INFO  [http-nio-1000-exec-1]com.lza.blog.aspect.RequestAspect.printRequestLog:124 -IP : 0:0:0:0:0:0:0:1
2020-04-06 21:12:44.228 INFO  [http-nio-1000-exec-1]com.lza.blog.aspect.RequestAspect.printRequestLog:126 -方法 : com.lza.blog.controller.AdminController.login
2020-04-06 21:12:44.228 INFO  [http-nio-1000-exec-1]com.lza.blog.aspect.RequestAspect.printRequestLog:128 -请求参数：[Admin(id=null, name=null, header=null, signature=null, comment=null, username=admin, password=21232f297a57a5a743894a0e4a801fc3)]
2020-04-06 21:12:44.412 INFO  [http-nio-1000-exec-1]com.lza.blog.aspect.RequestAspect.doAround:74 -耗时 : 195
2020-04-06 21:12:44.476 INFO  [http-nio-1000-exec-1]com.lza.blog.aspect.RequestAspect.doAfterReturning:89 -返回值：{"code":20000,"data":{"token":"5BA83140B0431DD938C9BADBCBF87BEF"},"msg":"操作成功!"}
2020-04-06 21:12:49.339 INFO  [http-nio-1000-exec-3]com.lza.blog.aspect.RequestAspect.printRequestLog:120 -请求地址 : /music/update
2020-04-06 21:12:49.340 INFO  [http-nio-1000-exec-3]com.lza.blog.aspect.RequestAspect.printRequestLog:121 -请求方式 : PUT
2020-04-06 21:12:49.340 INFO  [http-nio-1000-exec-3]com.lza.blog.aspect.RequestAspect.printRequestLog:124 -IP : 0:0:0:0:0:0:0:1
2020-04-06 21:12:49.340 INFO  [http-nio-1000-exec-3]com.lza.blog.aspect.RequestAspect.printRequestLog:126 -方法 : com.lza.blog.controller.MusicController.update
2020-04-06 21:12:49.340 INFO  [http-nio-1000-exec-3]com.lza.blog.aspect.RequestAspect.printRequestLog:128 -请求参数：[Music(id=3, name=青花瓷1, artist=周杰伦, url=地址, cover=封面, lrc=null, createdTime=null, enable=null, deleted=null)]
2020-04-06 21:12:49.510 INFO  [http-nio-1000-exec-3]com.lza.blog.aspect.RequestAspect.doAround:74 -耗时 : 171
2020-04-06 21:12:49.511 INFO  [http-nio-1000-exec-3]com.lza.blog.aspect.RequestAspect.doAfterReturning:89 -返回值：{"code":20000,"msg":"修改成功！"}
2020-04-06 21:13:59.420 INFO  [http-nio-1000-exec-7]com.lza.blog.aspect.RequestAspect.printRequestLog:120 -请求地址 : /music/delete/3
2020-04-06 21:13:59.421 INFO  [http-nio-1000-exec-7]com.lza.blog.aspect.RequestAspect.printRequestLog:121 -请求方式 : DELETE
2020-04-06 21:13:59.421 INFO  [http-nio-1000-exec-7]com.lza.blog.aspect.RequestAspect.printRequestLog:124 -IP : 0:0:0:0:0:0:0:1
2020-04-06 21:13:59.421 INFO  [http-nio-1000-exec-7]com.lza.blog.aspect.RequestAspect.printRequestLog:126 -方法 : com.lza.blog.controller.MusicController.delete
2020-04-06 21:13:59.421 INFO  [http-nio-1000-exec-7]com.lza.blog.aspect.RequestAspect.printRequestLog:128 -请求参数：[3]
2020-04-06 21:13:59.574 INFO  [http-nio-1000-exec-7]com.lza.blog.aspect.RequestAspect.doAround:74 -耗时 : 154
2020-04-06 21:13:59.575 INFO  [http-nio-1000-exec-7]com.lza.blog.aspect.RequestAspect.doAfterReturning:89 -返回值：{"code":20000,"msg":"删除成功!"}
2020-04-06 21:14:08.766 INFO  [http-nio-1000-exec-8]com.lza.blog.aspect.RequestAspect.printRequestLog:120 -请求地址 : /music/update
2020-04-06 21:14:08.767 INFO  [http-nio-1000-exec-8]com.lza.blog.aspect.RequestAspect.printRequestLog:121 -请求方式 : PUT
2020-04-06 21:14:08.767 INFO  [http-nio-1000-exec-8]com.lza.blog.aspect.RequestAspect.printRequestLog:124 -IP : 0:0:0:0:0:0:0:1
2020-04-06 21:14:08.767 INFO  [http-nio-1000-exec-8]com.lza.blog.aspect.RequestAspect.printRequestLog:126 -方法 : com.lza.blog.controller.MusicController.update
2020-04-06 21:14:08.767 INFO  [http-nio-1000-exec-8]com.lza.blog.aspect.RequestAspect.printRequestLog:128 -请求参数：[Music(id=3, name=青花瓷1, artist=周杰伦, url=地址, cover=封面, lrc=null, createdTime=null, enable=null, deleted=null)]
2020-04-06 21:14:08.907 INFO  [http-nio-1000-exec-8]com.lza.blog.aspect.RequestAspect.doAround:74 -耗时 : 141
2020-04-06 21:14:08.908 INFO  [http-nio-1000-exec-8]com.lza.blog.aspect.RequestAspect.doAfterReturning:89 -返回值：{"code":20000,"msg":"修改成功！"}
2020-04-06 21:14:18.737 INFO  [http-nio-1000-exec-9]com.lza.blog.aspect.RequestAspect.printRequestLog:120 -请求地址 : /music/update
2020-04-06 21:14:18.737 INFO  [http-nio-1000-exec-9]com.lza.blog.aspect.RequestAspect.printRequestLog:121 -请求方式 : PUT
2020-04-06 21:14:18.738 INFO  [http-nio-1000-exec-9]com.lza.blog.aspect.RequestAspect.printRequestLog:124 -IP : 0:0:0:0:0:0:0:1
2020-04-06 21:14:18.738 INFO  [http-nio-1000-exec-9]com.lza.blog.aspect.RequestAspect.printRequestLog:126 -方法 : com.lza.blog.controller.MusicController.update
2020-04-06 21:14:18.738 INFO  [http-nio-1000-exec-9]com.lza.blog.aspect.RequestAspect.printRequestLog:128 -请求参数：[Music(id=3, name=青花瓷, artist=周杰伦, url=地址, cover=封面, lrc=null, createdTime=null, enable=null, deleted=null)]
2020-04-06 21:14:18.881 INFO  [http-nio-1000-exec-9]com.lza.blog.aspect.RequestAspect.doAround:74 -耗时 : 144
2020-04-06 21:14:18.882 INFO  [http-nio-1000-exec-9]com.lza.blog.aspect.RequestAspect.doAfterReturning:89 -返回值：{"code":20000,"msg":"修改成功！"}
2020-04-06 21:15:26.528 INFO  [http-nio-1000-exec-1]com.lza.blog.aspect.RequestAspect.printRequestLog:120 -请求地址 : /music/enableById/3
2020-04-06 21:15:26.529 INFO  [http-nio-1000-exec-1]com.lza.blog.aspect.RequestAspect.printRequestLog:121 -请求方式 : PUT
2020-04-06 21:15:26.529 INFO  [http-nio-1000-exec-1]com.lza.blog.aspect.RequestAspect.printRequestLog:124 -IP : 0:0:0:0:0:0:0:1
2020-04-06 21:15:26.529 INFO  [http-nio-1000-exec-1]com.lza.blog.aspect.RequestAspect.printRequestLog:126 -方法 : com.lza.blog.controller.MusicController.enableById
2020-04-06 21:15:26.529 INFO  [http-nio-1000-exec-1]com.lza.blog.aspect.RequestAspect.printRequestLog:128 -请求参数：[3]
2020-04-06 21:16:05.552 INFO  [http-nio-1000-exec-4]com.lza.blog.aspect.RequestAspect.printRequestLog:120 -请求地址 : /music/enableById/1
2020-04-06 21:16:05.553 INFO  [http-nio-1000-exec-4]com.lza.blog.aspect.RequestAspect.printRequestLog:121 -请求方式 : PUT
2020-04-06 21:16:05.553 INFO  [http-nio-1000-exec-4]com.lza.blog.aspect.RequestAspect.printRequestLog:124 -IP : 0:0:0:0:0:0:0:1
2020-04-06 21:16:05.553 INFO  [http-nio-1000-exec-4]com.lza.blog.aspect.RequestAspect.printRequestLog:126 -方法 : com.lza.blog.controller.MusicController.enableById
2020-04-06 21:16:05.553 INFO  [http-nio-1000-exec-4]com.lza.blog.aspect.RequestAspect.printRequestLog:128 -请求参数：[1]
2020-04-06 21:16:05.815 INFO  [http-nio-1000-exec-4]com.lza.blog.aspect.RequestAspect.doAround:74 -耗时 : 263
2020-04-06 21:16:05.815 INFO  [http-nio-1000-exec-4]com.lza.blog.aspect.RequestAspect.doAfterReturning:89 -返回值：{"code":20000,"msg":"启用成功!"}
2020-04-06 21:16:24.205 INFO  [http-nio-1000-exec-5]com.lza.blog.aspect.RequestAspect.printRequestLog:120 -请求地址 : /music/disable/1
2020-04-06 21:16:24.206 INFO  [http-nio-1000-exec-5]com.lza.blog.aspect.RequestAspect.printRequestLog:121 -请求方式 : PUT
2020-04-06 21:16:24.206 INFO  [http-nio-1000-exec-5]com.lza.blog.aspect.RequestAspect.printRequestLog:124 -IP : 0:0:0:0:0:0:0:1
2020-04-06 21:16:24.206 INFO  [http-nio-1000-exec-5]com.lza.blog.aspect.RequestAspect.printRequestLog:126 -方法 : com.lza.blog.controller.MusicController.disable
2020-04-06 21:16:24.206 INFO  [http-nio-1000-exec-5]com.lza.blog.aspect.RequestAspect.printRequestLog:128 -请求参数：[1]
2020-04-06 21:16:24.444 INFO  [http-nio-1000-exec-5]com.lza.blog.aspect.RequestAspect.doAround:74 -耗时 : 239
2020-04-06 21:16:24.445 INFO  [http-nio-1000-exec-5]com.lza.blog.aspect.RequestAspect.doAfterReturning:89 -返回值：{"code":20000,"msg":"禁用成功!"}
2020-04-06 21:16:37.213 INFO  [http-nio-1000-exec-6]com.lza.blog.aspect.RequestAspect.printRequestLog:120 -请求地址 : /music/disable/1
2020-04-06 21:16:37.213 INFO  [http-nio-1000-exec-6]com.lza.blog.aspect.RequestAspect.printRequestLog:121 -请求方式 : PUT
2020-04-06 21:16:37.213 INFO  [http-nio-1000-exec-6]com.lza.blog.aspect.RequestAspect.printRequestLog:124 -IP : 0:0:0:0:0:0:0:1
2020-04-06 21:16:37.213 INFO  [http-nio-1000-exec-6]com.lza.blog.aspect.RequestAspect.printRequestLog:126 -方法 : com.lza.blog.controller.MusicController.disable
2020-04-06 21:16:37.214 INFO  [http-nio-1000-exec-6]com.lza.blog.aspect.RequestAspect.printRequestLog:128 -请求参数：[1]
2020-04-06 21:16:37.459 INFO  [http-nio-1000-exec-6]com.lza.blog.aspect.RequestAspect.doAround:74 -耗时 : 246
2020-04-06 21:16:37.460 INFO  [http-nio-1000-exec-6]com.lza.blog.aspect.RequestAspect.doAfterReturning:89 -返回值：{"code":20000,"msg":"禁用成功!"}
2020-04-06 21:16:40.486 INFO  [http-nio-1000-exec-7]com.lza.blog.aspect.RequestAspect.printRequestLog:120 -请求地址 : /music/enableById/1
2020-04-06 21:16:40.486 INFO  [http-nio-1000-exec-7]com.lza.blog.aspect.RequestAspect.printRequestLog:121 -请求方式 : PUT
2020-04-06 21:16:40.486 INFO  [http-nio-1000-exec-7]com.lza.blog.aspect.RequestAspect.printRequestLog:124 -IP : 0:0:0:0:0:0:0:1
2020-04-06 21:16:40.486 INFO  [http-nio-1000-exec-7]com.lza.blog.aspect.RequestAspect.printRequestLog:126 -方法 : com.lza.blog.controller.MusicController.enableById
2020-04-06 21:16:40.487 INFO  [http-nio-1000-exec-7]com.lza.blog.aspect.RequestAspect.printRequestLog:128 -请求参数：[1]
2020-04-06 21:16:40.734 INFO  [http-nio-1000-exec-7]com.lza.blog.aspect.RequestAspect.doAround:74 -耗时 : 248
2020-04-06 21:16:40.735 INFO  [http-nio-1000-exec-7]com.lza.blog.aspect.RequestAspect.doAfterReturning:89 -返回值：{"code":20000,"msg":"启用成功!"}
2020-04-06 21:17:33.406 INFO  [http-nio-1000-exec-8]com.lza.blog.aspect.RequestAspect.printRequestLog:120 -请求地址 : /music/getByPage
2020-04-06 21:17:33.407 INFO  [http-nio-1000-exec-8]com.lza.blog.aspect.RequestAspect.printRequestLog:121 -请求方式 : GET
2020-04-06 21:17:33.407 INFO  [http-nio-1000-exec-8]com.lza.blog.aspect.RequestAspect.printRequestLog:124 -IP : 0:0:0:0:0:0:0:1
2020-04-06 21:17:33.407 INFO  [http-nio-1000-exec-8]com.lza.blog.aspect.RequestAspect.printRequestLog:126 -方法 : com.lza.blog.controller.MusicController.getByPage
2020-04-06 21:17:33.407 INFO  [http-nio-1000-exec-8]com.lza.blog.aspect.RequestAspect.printRequestLog:128 -请求参数：[Page(currentPage=1, pageSize=20, totalPage=0, totalCount=0, list=null, params={}, sortColumn=null, sortMethod=asc)]
2020-04-06 21:17:43.937 INFO  [http-nio-1000-exec-10]com.lza.blog.aspect.RequestAspect.printRequestLog:120 -请求地址 : /music/getByPage
2020-04-06 21:17:43.938 INFO  [http-nio-1000-exec-10]com.lza.blog.aspect.RequestAspect.printRequestLog:121 -请求方式 : GET
2020-04-06 21:17:43.938 INFO  [http-nio-1000-exec-10]com.lza.blog.aspect.RequestAspect.printRequestLog:124 -IP : 0:0:0:0:0:0:0:1
2020-04-06 21:17:43.938 INFO  [http-nio-1000-exec-10]com.lza.blog.aspect.RequestAspect.printRequestLog:126 -方法 : com.lza.blog.controller.MusicController.getByPage
2020-04-06 21:17:43.939 INFO  [http-nio-1000-exec-10]com.lza.blog.aspect.RequestAspect.printRequestLog:128 -请求参数：[Page(currentPage=1, pageSize=20, totalPage=0, totalCount=0, list=null, params={}, sortColumn=null, sortMethod=asc)]
2020-04-06 21:18:26.673 INFO  [Thread-18]com.alibaba.druid.pool.DruidDataSource.close:1825 -{dataSource-1} closed
2020-04-06 21:18:31.222 INFO  [main]com.lza.blog.BlogApplication.logStarting:50 -Starting BlogApplication on liu with PID 17384 (D:\software\JAVA\blog\target\classes started by liu in D:\software\JAVA\blog)
2020-04-06 21:18:31.228 INFO  [main]com.lza.blog.BlogApplication.logStartupProfileInfo:648 -No active profile set, falling back to default profiles: default
2020-04-06 21:18:32.477 INFO  [main]o.s.c.s.PostProcessorRegistrationDelegate$BeanPostProcessorChecker.postProcessAfterInitialization:330 -Bean 'shiroConfig' of type [com.lza.blog.config.ShiroConfig$$EnhancerBySpringCGLIB$$5827fad] is not eligible for getting processed by all BeanPostProcessors (for example: not eligible for auto-proxying)
2020-04-06 21:18:32.565 INFO  [main]o.s.c.s.PostProcessorRegistrationDelegate$BeanPostProcessorChecker.postProcessAfterInitialization:330 -Bean 'mybatis-org.mybatis.spring.boot.autoconfigure.MybatisProperties' of type [org.mybatis.spring.boot.autoconfigure.MybatisProperties] is not eligible for getting processed by all BeanPostProcessors (for example: not eligible for auto-proxying)
2020-04-06 21:18:32.575 INFO  [main]o.s.c.s.PostProcessorRegistrationDelegate$BeanPostProcessorChecker.postProcessAfterInitialization:330 -Bean 'org.mybatis.spring.boot.autoconfigure.MybatisAutoConfiguration' of type [org.mybatis.spring.boot.autoconfigure.MybatisAutoConfiguration$$EnhancerBySpringCGLIB$$de8598cd] is not eligible for getting processed by all BeanPostProcessors (for example: not eligible for auto-proxying)
2020-04-06 21:18:32.579 INFO  [main]o.s.c.s.PostProcessorRegistrationDelegate$BeanPostProcessorChecker.postProcessAfterInitialization:330 -Bean 'com.alibaba.druid.spring.boot.autoconfigure.DruidDataSourceAutoConfigure' of type [com.alibaba.druid.spring.boot.autoconfigure.DruidDataSourceAutoConfigure$$EnhancerBySpringCGLIB$$c55d3d0f] is not eligible for getting processed by all BeanPostProcessors (for example: not eligible for auto-proxying)
2020-04-06 21:18:32.582 INFO  [main]c.a.d.s.boot.autoconfigure.DruidDataSourceAutoConfigure.dataSource:56 -Init DruidDataSource
2020-04-06 21:18:32.637 INFO  [main]o.s.c.s.PostProcessorRegistrationDelegate$BeanPostProcessorChecker.postProcessAfterInitialization:330 -Bean 'spring.datasource-org.springframework.boot.autoconfigure.jdbc.DataSourceProperties' of type [org.springframework.boot.autoconfigure.jdbc.DataSourceProperties] is not eligible for getting processed by all BeanPostProcessors (for example: not eligible for auto-proxying)
2020-04-06 21:18:32.656 INFO  [main]o.s.c.s.PostProcessorRegistrationDelegate$BeanPostProcessorChecker.postProcessAfterInitialization:330 -Bean 'com.alibaba.druid.spring.boot.autoconfigure.stat.DruidFilterConfiguration' of type [com.alibaba.druid.spring.boot.autoconfigure.stat.DruidFilterConfiguration] is not eligible for getting processed by all BeanPostProcessors (for example: not eligible for auto-proxying)
2020-04-06 21:18:32.693 INFO  [main]o.s.c.s.PostProcessorRegistrationDelegate$BeanPostProcessorChecker.postProcessAfterInitialization:330 -Bean 'statFilter' of type [com.alibaba.druid.filter.stat.StatFilter] is not eligible for getting processed by all BeanPostProcessors (for example: not eligible for auto-proxying)
2020-04-06 21:18:42.749 INFO  [main]com.alibaba.druid.pool.DruidDataSource.init:930 -{dataSource-1} inited
2020-04-06 21:18:42.750 INFO  [main]o.s.c.s.PostProcessorRegistrationDelegate$BeanPostProcessorChecker.postProcessAfterInitialization:330 -Bean 'dataSource' of type [com.alibaba.druid.spring.boot.autoconfigure.DruidDataSourceWrapper] is not eligible for getting processed by all BeanPostProcessors (for example: not eligible for auto-proxying)
2020-04-06 21:18:42.823 INFO  [main]o.s.c.s.PostProcessorRegistrationDelegate$BeanPostProcessorChecker.postProcessAfterInitialization:330 -Bean 'org.springframework.boot.autoconfigure.jdbc.DataSourceInitializerInvoker' of type [org.springframework.boot.autoconfigure.jdbc.DataSourceInitializerInvoker] is not eligible for getting processed by all BeanPostProcessors (for example: not eligible for auto-proxying)
2020-04-06 21:18:43.121 INFO  [main]o.s.c.s.PostProcessorRegistrationDelegate$BeanPostProcessorChecker.postProcessAfterInitialization:330 -Bean 'sqlSessionFactory' of type [org.apache.ibatis.session.defaults.DefaultSqlSessionFactory] is not eligible for getting processed by all BeanPostProcessors (for example: not eligible for auto-proxying)
2020-04-06 21:18:43.127 INFO  [main]o.s.c.s.PostProcessorRegistrationDelegate$BeanPostProcessorChecker.postProcessAfterInitialization:330 -Bean 'sqlSessionTemplate' of type [org.mybatis.spring.SqlSessionTemplate] is not eligible for getting processed by all BeanPostProcessors (for example: not eligible for auto-proxying)
2020-04-06 21:18:43.141 INFO  [main]o.s.c.s.PostProcessorRegistrationDelegate$BeanPostProcessorChecker.postProcessAfterInitialization:330 -Bean 'adminMapper' of type [org.mybatis.spring.mapper.MapperFactoryBean] is not eligible for getting processed by all BeanPostProcessors (for example: not eligible for auto-proxying)
2020-04-06 21:18:43.148 INFO  [main]o.s.c.s.PostProcessorRegistrationDelegate$BeanPostProcessorChecker.postProcessAfterInitialization:330 -Bean 'adminMapper' of type [com.sun.proxy.$Proxy74] is not eligible for getting processed by all BeanPostProcessors (for example: not eligible for auto-proxying)
2020-04-06 21:18:43.151 INFO  [main]o.s.c.s.PostProcessorRegistrationDelegate$BeanPostProcessorChecker.postProcessAfterInitialization:330 -Bean 'adminServiceImpl' of type [com.lza.blog.service.impl.AdminServiceImpl] is not eligible for getting processed by all BeanPostProcessors (for example: not eligible for auto-proxying)
2020-04-06 21:18:43.153 INFO  [main]o.s.c.s.PostProcessorRegistrationDelegate$BeanPostProcessorChecker.postProcessAfterInitialization:330 -Bean 'adminRealm' of type [com.lza.blog.realm.AdminRealm] is not eligible for getting processed by all BeanPostProcessors (for example: not eligible for auto-proxying)
2020-04-06 21:18:43.208 INFO  [main]o.s.c.s.PostProcessorRegistrationDelegate$BeanPostProcessorChecker.postProcessAfterInitialization:330 -Bean 'securityManager' of type [org.apache.shiro.web.mgt.DefaultWebSecurityManager] is not eligible for getting processed by all BeanPostProcessors (for example: not eligible for auto-proxying)
2020-04-06 21:18:43.237 INFO  [main]o.s.c.s.PostProcessorRegistrationDelegate$BeanPostProcessorChecker.postProcessAfterInitialization:330 -Bean 'authorizationAttributeSourceAdvisor' of type [org.apache.shiro.spring.security.interceptor.AuthorizationAttributeSourceAdvisor] is not eligible for getting processed by all BeanPostProcessors (for example: not eligible for auto-proxying)
2020-04-06 21:18:43.655 INFO  [main]o.s.boot.web.embedded.tomcat.TomcatWebServer.initialize:90 -Tomcat initialized with port(s): 1000 (http)
2020-04-06 21:18:43.672 INFO  [main]org.apache.coyote.http11.Http11NioProtocol.log:173 -Initializing ProtocolHandler ["http-nio-1000"]
2020-04-06 21:18:43.686 INFO  [main]org.apache.catalina.core.StandardService.log:173 -Starting service [Tomcat]
2020-04-06 21:18:43.687 INFO  [main]org.apache.catalina.core.StandardEngine.log:173 -Starting Servlet engine: [Apache Tomcat/9.0.31]
2020-04-06 21:18:43.888 INFO  [main]o.a.catalina.core.ContainerBase.[Tomcat].[localhost].[/].log:173 -Initializing Spring embedded WebApplicationContext
2020-04-06 21:18:43.888 INFO  [main]org.springframework.web.context.ContextLoader.prepareWebApplicationContext:284 -Root WebApplicationContext: initialization completed in 12583 ms
2020-04-06 21:18:45.576 INFO  [main]org.apache.coyote.http11.Http11NioProtocol.log:173 -Starting ProtocolHandler ["http-nio-1000"]
2020-04-06 21:18:45.614 INFO  [main]o.s.boot.web.embedded.tomcat.TomcatWebServer.start:202 -Tomcat started on port(s): 1000 (http) with context path ''
2020-04-06 21:18:45.617 INFO  [main]com.lza.blog.BlogApplication.logStarted:59 -Started BlogApplication in 15.287 seconds (JVM running for 16.391)
2020-04-06 21:21:34.407 INFO  [http-nio-1000-exec-2]o.a.catalina.core.ContainerBase.[Tomcat].[localhost].[/].log:173 -Initializing Spring DispatcherServlet 'dispatcherServlet'
2020-04-06 21:21:34.408 INFO  [http-nio-1000-exec-2]org.springframework.web.servlet.DispatcherServlet.initServletBean:525 -Initializing Servlet 'dispatcherServlet'
2020-04-06 21:21:34.425 INFO  [http-nio-1000-exec-2]org.springframework.web.servlet.DispatcherServlet.initServletBean:547 -Completed initialization in 17 ms
2020-04-06 21:21:34.583 INFO  [http-nio-1000-exec-2]com.lza.blog.aspect.RequestAspect.printRequestLog:120 -请求地址 : /admin/login
2020-04-06 21:21:34.587 INFO  [http-nio-1000-exec-2]com.lza.blog.aspect.RequestAspect.printRequestLog:121 -请求方式 : POST
2020-04-06 21:21:34.595 INFO  [http-nio-1000-exec-2]com.lza.blog.aspect.RequestAspect.printRequestLog:124 -IP : 0:0:0:0:0:0:0:1
2020-04-06 21:21:34.598 INFO  [http-nio-1000-exec-2]com.lza.blog.aspect.RequestAspect.printRequestLog:126 -方法 : com.lza.blog.controller.AdminController.login
2020-04-06 21:21:34.599 INFO  [http-nio-1000-exec-2]com.lza.blog.aspect.RequestAspect.printRequestLog:128 -请求参数：[Admin(id=null, name=null, header=null, signature=null, comment=null, username=admin, password=21232f297a57a5a743894a0e4a801fc3)]
2020-04-06 21:21:35.011 INFO  [http-nio-1000-exec-2]com.lza.blog.aspect.RequestAspect.doAround:74 -耗时 : 429
2020-04-06 21:21:35.095 INFO  [http-nio-1000-exec-2]com.lza.blog.aspect.RequestAspect.doAfterReturning:89 -返回值：{"code":20000,"data":{"token":"EE8070BF6ADA820290ABBD3E03BA86D2"},"msg":"操作成功!"}
2020-04-06 21:21:42.552 INFO  [http-nio-1000-exec-3]com.lza.blog.aspect.RequestAspect.printRequestLog:120 -请求地址 : /music/getByPage
2020-04-06 21:21:42.553 INFO  [http-nio-1000-exec-3]com.lza.blog.aspect.RequestAspect.printRequestLog:121 -请求方式 : GET
2020-04-06 21:21:42.554 INFO  [http-nio-1000-exec-3]com.lza.blog.aspect.RequestAspect.printRequestLog:124 -IP : 0:0:0:0:0:0:0:1
2020-04-06 21:21:42.555 INFO  [http-nio-1000-exec-3]com.lza.blog.aspect.RequestAspect.printRequestLog:126 -方法 : com.lza.blog.controller.MusicController.getByPage
2020-04-06 21:21:42.556 INFO  [http-nio-1000-exec-3]com.lza.blog.aspect.RequestAspect.printRequestLog:128 -请求参数：[Page(currentPage=1, pageSize=20, totalPage=0, totalCount=0, list=null, params={}, sortColumn=null, sortMethod=asc)]
2020-04-06 21:21:43.006 INFO  [http-nio-1000-exec-3]com.lza.blog.aspect.RequestAspect.doAround:74 -耗时 : 454
2020-04-06 21:21:43.012 INFO  [http-nio-1000-exec-3]com.lza.blog.aspect.RequestAspect.doAfterReturning:89 -返回值：{"code":20000,"data":{"currentPage":1,"index":0,"list":[{"artist":"周杰伦","cover":"封面","createdTime":"2020-04-06 12:45:45","enable":1,"id":1,"name":"算什么男人","url":"地址"},{"artist":"周杰伦","cover":"封面","createdTime":"2020-04-06 12:45:56","enable":1,"id":2,"name":"晴天","url":"地址"}],"pageSize":20,"params":{},"sortMethod":"asc","totalCount":2,"totalPage":1},"msg":"操作成功!"}
