2020-03-28 14:11:43.103 INFO  [main]com.lza.blog.BlogApplication.logStarting:50 -Starting BlogApplication on liu with PID 55144 (D:\software\JAVA\blog\target\classes started by liu in D:\software\JAVA\blog)
2020-03-28 14:11:43.115 INFO  [main]com.lza.blog.BlogApplication.logStartupProfileInfo:648 -No active profile set, falling back to default profiles: default
2020-03-28 14:11:44.478 INFO  [main]o.s.boot.web.embedded.tomcat.TomcatWebServer.initialize:90 -Tomcat initialized with port(s): 1000 (http)
2020-03-28 14:11:44.492 INFO  [main]org.apache.coyote.http11.Http11NioProtocol.log:173 -Initializing ProtocolHandler ["http-nio-1000"]
2020-03-28 14:11:44.502 INFO  [main]org.apache.catalina.core.StandardService.log:173 -Starting service [Tomcat]
2020-03-28 14:11:44.502 INFO  [main]org.apache.catalina.core.StandardEngine.log:173 -Starting Servlet engine: [Apache Tomcat/9.0.31]
2020-03-28 14:11:44.673 INFO  [main]o.a.catalina.core.ContainerBase.[Tomcat].[localhost].[/].log:173 -Initializing Spring embedded WebApplicationContext
2020-03-28 14:11:44.674 INFO  [main]org.springframework.web.context.ContextLoader.prepareWebApplicationContext:284 -Root WebApplicationContext: initialization completed in 1453 ms
2020-03-28 14:11:44.797 INFO  [main]c.a.d.s.boot.autoconfigure.DruidDataSourceAutoConfigure.dataSource:56 -Init DruidDataSource
2020-03-28 14:11:51.304 INFO  [main]com.alibaba.druid.pool.DruidDataSource.init:930 -{dataSource-1} inited
2020-03-28 14:11:52.119 INFO  [main]o.s.scheduling.concurrent.ThreadPoolTaskExecutor.initialize:171 -Initializing ExecutorService 'applicationTaskExecutor'
2020-03-28 14:11:52.415 INFO  [main]org.apache.coyote.http11.Http11NioProtocol.log:173 -Starting ProtocolHandler ["http-nio-1000"]
2020-03-28 14:11:52.444 INFO  [main]o.s.boot.web.embedded.tomcat.TomcatWebServer.start:202 -Tomcat started on port(s): 1000 (http) with context path ''
2020-03-28 14:11:52.446 INFO  [main]com.lza.blog.BlogApplication.logStarted:59 -Started BlogApplication in 9.844 seconds (JVM running for 10.899)
2020-03-28 14:11:57.383 INFO  [http-nio-1000-exec-1]o.a.catalina.core.ContainerBase.[Tomcat].[localhost].[/].log:173 -Initializing Spring DispatcherServlet 'dispatcherServlet'
2020-03-28 14:11:57.383 INFO  [http-nio-1000-exec-1]org.springframework.web.servlet.DispatcherServlet.initServletBean:525 -Initializing Servlet 'dispatcherServlet'
2020-03-28 14:11:57.394 INFO  [http-nio-1000-exec-1]org.springframework.web.servlet.DispatcherServlet.initServletBean:547 -Completed initialization in 9 ms
2020-03-28 14:11:57.419 INFO  [http-nio-1000-exec-1]com.lza.blog.aspect.RequestAspect.printRequestLog:120 -请求地址 : /test/textException/1
2020-03-28 14:11:57.420 INFO  [http-nio-1000-exec-1]com.lza.blog.aspect.RequestAspect.printRequestLog:121 -请求方式 : GET
2020-03-28 14:11:57.428 INFO  [http-nio-1000-exec-1]com.lza.blog.aspect.RequestAspect.printRequestLog:124 -IP : 0:0:0:0:0:0:0:1
2020-03-28 14:11:57.429 INFO  [http-nio-1000-exec-1]com.lza.blog.aspect.RequestAspect.printRequestLog:126 -方法 : com.lza.blog.controller.TestController.testException
2020-03-28 14:11:57.430 INFO  [http-nio-1000-exec-1]com.lza.blog.aspect.RequestAspect.printRequestLog:128 -请求参数：[1]
2020-03-28 14:11:57.433 INFO  [http-nio-1000-exec-1]com.lza.blog.aspect.RequestAspect.doAround:74 -耗时 : 14
2020-03-28 14:11:57.479 INFO  [http-nio-1000-exec-1]com.lza.blog.aspect.RequestAspect.doAfterReturning:89 -返回值：{"code":20000,"msg":"操作成功!"}
2020-03-28 14:17:27.762 INFO  [main]com.lza.blog.BlogApplication.logStarting:50 -Starting BlogApplication on liu with PID 36672 (D:\software\JAVA\blog\target\classes started by liu in D:\software\JAVA\blog)
2020-03-28 14:17:27.768 INFO  [main]com.lza.blog.BlogApplication.logStartupProfileInfo:648 -No active profile set, falling back to default profiles: default
2020-03-28 14:17:29.411 INFO  [main]o.s.boot.web.embedded.tomcat.TomcatWebServer.initialize:90 -Tomcat initialized with port(s): 1000 (http)
2020-03-28 14:17:29.427 INFO  [main]org.apache.coyote.http11.Http11NioProtocol.log:173 -Initializing ProtocolHandler ["http-nio-1000"]
2020-03-28 14:17:29.435 INFO  [main]org.apache.catalina.core.StandardService.log:173 -Starting service [Tomcat]
2020-03-28 14:17:29.435 INFO  [main]org.apache.catalina.core.StandardEngine.log:173 -Starting Servlet engine: [Apache Tomcat/9.0.31]
2020-03-28 14:17:29.594 INFO  [main]o.a.catalina.core.ContainerBase.[Tomcat].[localhost].[/].log:173 -Initializing Spring embedded WebApplicationContext
2020-03-28 14:17:29.595 INFO  [main]org.springframework.web.context.ContextLoader.prepareWebApplicationContext:284 -Root WebApplicationContext: initialization completed in 1737 ms
2020-03-28 14:17:29.720 INFO  [main]c.a.d.s.boot.autoconfigure.DruidDataSourceAutoConfigure.dataSource:56 -Init DruidDataSource
2020-03-28 14:17:38.733 INFO  [main]com.alibaba.druid.pool.DruidDataSource.init:930 -{dataSource-1} inited
2020-03-28 14:17:39.642 INFO  [main]o.s.scheduling.concurrent.ThreadPoolTaskExecutor.initialize:171 -Initializing ExecutorService 'applicationTaskExecutor'
2020-03-28 14:17:39.977 INFO  [main]org.apache.coyote.http11.Http11NioProtocol.log:173 -Starting ProtocolHandler ["http-nio-1000"]
2020-03-28 14:17:40.000 INFO  [main]o.s.boot.web.embedded.tomcat.TomcatWebServer.start:202 -Tomcat started on port(s): 1000 (http) with context path ''
2020-03-28 14:17:40.002 INFO  [main]com.lza.blog.BlogApplication.logStarted:59 -Started BlogApplication in 12.831 seconds (JVM running for 14.604)
2020-03-28 14:17:40.448 INFO  [http-nio-1000-exec-1]o.a.catalina.core.ContainerBase.[Tomcat].[localhost].[/].log:173 -Initializing Spring DispatcherServlet 'dispatcherServlet'
2020-03-28 14:17:40.449 INFO  [http-nio-1000-exec-1]org.springframework.web.servlet.DispatcherServlet.initServletBean:525 -Initializing Servlet 'dispatcherServlet'
2020-03-28 14:17:40.462 INFO  [http-nio-1000-exec-1]org.springframework.web.servlet.DispatcherServlet.initServletBean:547 -Completed initialization in 12 ms
2020-03-28 14:17:45.651 INFO  [http-nio-1000-exec-1]com.lza.blog.aspect.RequestAspect.printRequestLog:120 -请求地址 : /test/textException/1
2020-03-28 14:17:45.994 INFO  [http-nio-1000-exec-1]com.lza.blog.aspect.RequestAspect.printRequestLog:121 -请求方式 : GET
2020-03-28 14:17:46.580 INFO  [http-nio-1000-exec-1]com.lza.blog.aspect.RequestAspect.printRequestLog:124 -IP : 127.0.0.1
2020-03-28 14:17:47.512 INFO  [http-nio-1000-exec-1]com.lza.blog.aspect.RequestAspect.printRequestLog:126 -方法 : com.lza.blog.controller.TestController.testException
2020-03-28 14:17:47.978 INFO  [http-nio-1000-exec-1]com.lza.blog.aspect.RequestAspect.printRequestLog:128 -请求参数：[1]
2020-03-28 14:18:08.055 INFO  [http-nio-1000-exec-1]com.lza.blog.aspect.RequestAspect.doAround:74 -耗时 : 27560
2020-03-28 14:18:12.578 INFO  [http-nio-1000-exec-1]com.lza.blog.aspect.RequestAspect.doAfterReturning:89 -返回值：{"code":20000,"msg":"操作成功!"}
2020-03-28 14:20:55.114 INFO  [Thread-23]o.s.scheduling.concurrent.ThreadPoolTaskExecutor.shutdown:208 -Shutting down ExecutorService 'applicationTaskExecutor'
2020-03-28 14:20:55.122 INFO  [Thread-23]com.alibaba.druid.pool.DruidDataSource.close:1825 -{dataSource-1} closed
2020-03-28 14:23:03.487 INFO  [main]com.lza.blog.BlogApplication.logStarting:50 -Starting BlogApplication on liu with PID 54560 (D:\software\JAVA\blog\target\classes started by liu in D:\software\JAVA\blog)
2020-03-28 14:23:03.491 INFO  [main]com.lza.blog.BlogApplication.logStartupProfileInfo:648 -No active profile set, falling back to default profiles: default
2020-03-28 14:23:04.660 INFO  [main]o.s.boot.web.embedded.tomcat.TomcatWebServer.initialize:90 -Tomcat initialized with port(s): 1000 (http)
2020-03-28 14:23:04.670 INFO  [main]org.apache.coyote.http11.Http11NioProtocol.log:173 -Initializing ProtocolHandler ["http-nio-1000"]
2020-03-28 14:23:04.677 INFO  [main]org.apache.catalina.core.StandardService.log:173 -Starting service [Tomcat]
2020-03-28 14:23:04.677 INFO  [main]org.apache.catalina.core.StandardEngine.log:173 -Starting Servlet engine: [Apache Tomcat/9.0.31]
2020-03-28 14:23:04.835 INFO  [main]o.a.catalina.core.ContainerBase.[Tomcat].[localhost].[/].log:173 -Initializing Spring embedded WebApplicationContext
2020-03-28 14:23:04.835 INFO  [main]org.springframework.web.context.ContextLoader.prepareWebApplicationContext:284 -Root WebApplicationContext: initialization completed in 1246 ms
2020-03-28 14:23:04.943 INFO  [main]c.a.d.s.boot.autoconfigure.DruidDataSourceAutoConfigure.dataSource:56 -Init DruidDataSource
2020-03-28 14:23:10.448 INFO  [main]com.alibaba.druid.pool.DruidDataSource.init:930 -{dataSource-1} inited
2020-03-28 14:23:11.231 INFO  [main]o.s.scheduling.concurrent.ThreadPoolTaskExecutor.initialize:171 -Initializing ExecutorService 'applicationTaskExecutor'
2020-03-28 14:23:11.508 INFO  [main]org.apache.coyote.http11.Http11NioProtocol.log:173 -Starting ProtocolHandler ["http-nio-1000"]
2020-03-28 14:23:11.527 INFO  [main]o.s.boot.web.embedded.tomcat.TomcatWebServer.start:202 -Tomcat started on port(s): 1000 (http) with context path ''
2020-03-28 14:23:11.529 INFO  [main]com.lza.blog.BlogApplication.logStarted:59 -Started BlogApplication in 8.544 seconds (JVM running for 9.511)
2020-03-28 14:23:21.945 INFO  [http-nio-1000-exec-1]o.a.catalina.core.ContainerBase.[Tomcat].[localhost].[/].log:173 -Initializing Spring DispatcherServlet 'dispatcherServlet'
2020-03-28 14:23:21.945 INFO  [http-nio-1000-exec-1]org.springframework.web.servlet.DispatcherServlet.initServletBean:525 -Initializing Servlet 'dispatcherServlet'
2020-03-28 14:23:21.955 INFO  [http-nio-1000-exec-1]org.springframework.web.servlet.DispatcherServlet.initServletBean:547 -Completed initialization in 10 ms
2020-03-28 14:23:21.978 INFO  [http-nio-1000-exec-1]com.lza.blog.aspect.RequestAspect.printRequestLog:120 -请求地址 : /test/textException/1
2020-03-28 14:23:21.979 INFO  [http-nio-1000-exec-1]com.lza.blog.aspect.RequestAspect.printRequestLog:121 -请求方式 : GET
2020-03-28 14:23:21.983 INFO  [http-nio-1000-exec-1]com.lza.blog.aspect.RequestAspect.printRequestLog:124 -IP : 127.0.0.1
2020-03-28 14:23:21.984 INFO  [http-nio-1000-exec-1]com.lza.blog.aspect.RequestAspect.printRequestLog:126 -方法 : com.lza.blog.controller.TestController.testException
2020-03-28 14:23:21.985 INFO  [http-nio-1000-exec-1]com.lza.blog.aspect.RequestAspect.printRequestLog:128 -请求参数：[1]
2020-03-28 14:23:21.988 INFO  [http-nio-1000-exec-1]com.lza.blog.aspect.RequestAspect.doAround:74 -耗时 : 10
2020-03-28 14:23:22.030 INFO  [http-nio-1000-exec-1]com.lza.blog.aspect.RequestAspect.doAfterReturning:89 -返回值：{"code":20000,"msg":"操作成功!"}
2020-03-28 14:27:40.407 INFO  [http-nio-1000-exec-2]com.lza.blog.aspect.RequestAspect.printRequestLog:120 -请求地址 : /test/textException/23
2020-03-28 14:27:40.407 INFO  [http-nio-1000-exec-2]com.lza.blog.aspect.RequestAspect.printRequestLog:121 -请求方式 : GET
2020-03-28 14:27:40.407 INFO  [http-nio-1000-exec-2]com.lza.blog.aspect.RequestAspect.printRequestLog:124 -IP : 127.0.0.1
2020-03-28 14:27:40.408 INFO  [http-nio-1000-exec-2]com.lza.blog.aspect.RequestAspect.printRequestLog:126 -方法 : com.lza.blog.controller.TestController.testException
2020-03-28 14:27:40.408 INFO  [http-nio-1000-exec-2]com.lza.blog.aspect.RequestAspect.printRequestLog:128 -请求参数：[23]
2020-03-28 14:29:28.654 INFO  [http-nio-1000-exec-3]com.lza.blog.aspect.RequestAspect.printRequestLog:120 -请求地址 : /test/textException/23
2020-03-28 14:29:28.654 INFO  [http-nio-1000-exec-3]com.lza.blog.aspect.RequestAspect.printRequestLog:121 -请求方式 : GET
2020-03-28 14:29:28.655 INFO  [http-nio-1000-exec-3]com.lza.blog.aspect.RequestAspect.printRequestLog:124 -IP : 127.0.0.1
2020-03-28 14:29:28.655 INFO  [http-nio-1000-exec-3]com.lza.blog.aspect.RequestAspect.printRequestLog:126 -方法 : com.lza.blog.controller.TestController.testException
2020-03-28 14:29:28.655 INFO  [http-nio-1000-exec-3]com.lza.blog.aspect.RequestAspect.printRequestLog:128 -请求参数：[23]
2020-03-28 14:30:45.316 INFO  [http-nio-1000-exec-4]com.lza.blog.aspect.RequestAspect.printRequestLog:120 -请求地址 : /test/textException/1
2020-03-28 14:30:45.318 INFO  [http-nio-1000-exec-4]com.lza.blog.aspect.RequestAspect.printRequestLog:121 -请求方式 : GET
2020-03-28 14:30:45.319 INFO  [http-nio-1000-exec-4]com.lza.blog.aspect.RequestAspect.printRequestLog:124 -IP : 127.0.0.1
2020-03-28 14:30:45.319 INFO  [http-nio-1000-exec-4]com.lza.blog.aspect.RequestAspect.printRequestLog:126 -方法 : com.lza.blog.controller.TestController.testException
2020-03-28 14:30:45.320 INFO  [http-nio-1000-exec-4]com.lza.blog.aspect.RequestAspect.printRequestLog:128 -请求参数：[1]
2020-03-28 14:30:45.320 INFO  [http-nio-1000-exec-4]com.lza.blog.aspect.RequestAspect.doAround:74 -耗时 : 4
2020-03-28 14:30:45.321 INFO  [http-nio-1000-exec-4]com.lza.blog.aspect.RequestAspect.doAfterReturning:89 -返回值：{"code":20000,"msg":"操作成功!"}
2020-03-28 14:31:02.871 INFO  [http-nio-1000-exec-5]com.lza.blog.aspect.RequestAspect.printRequestLog:120 -请求地址 : /test/textException/1
2020-03-28 14:31:02.872 INFO  [http-nio-1000-exec-5]com.lza.blog.aspect.RequestAspect.printRequestLog:121 -请求方式 : GET
2020-03-28 14:31:02.872 INFO  [http-nio-1000-exec-5]com.lza.blog.aspect.RequestAspect.printRequestLog:124 -IP : 127.0.0.1
2020-03-28 14:31:02.873 INFO  [http-nio-1000-exec-5]com.lza.blog.aspect.RequestAspect.printRequestLog:126 -方法 : com.lza.blog.controller.TestController.testException
2020-03-28 14:31:02.873 INFO  [http-nio-1000-exec-5]com.lza.blog.aspect.RequestAspect.printRequestLog:128 -请求参数：[1]
2020-03-28 14:31:02.873 INFO  [http-nio-1000-exec-5]com.lza.blog.aspect.RequestAspect.doAround:74 -耗时 : 2
2020-03-28 14:31:02.873 INFO  [http-nio-1000-exec-5]com.lza.blog.aspect.RequestAspect.doAfterReturning:89 -返回值：{"code":20000,"msg":"操作成功!"}
2020-03-28 14:33:12.329 INFO  [main]com.lza.blog.BlogApplication.logStarting:50 -Starting BlogApplication on liu with PID 44280 (D:\software\JAVA\blog\target\classes started by liu in D:\software\JAVA\blog)
2020-03-28 14:33:12.334 INFO  [main]com.lza.blog.BlogApplication.logStartupProfileInfo:648 -No active profile set, falling back to default profiles: default
2020-03-28 14:33:13.709 INFO  [main]o.s.boot.web.embedded.tomcat.TomcatWebServer.initialize:90 -Tomcat initialized with port(s): 1000 (http)
2020-03-28 14:33:13.721 INFO  [main]org.apache.coyote.http11.Http11NioProtocol.log:173 -Initializing ProtocolHandler ["http-nio-1000"]
2020-03-28 14:33:13.729 INFO  [main]org.apache.catalina.core.StandardService.log:173 -Starting service [Tomcat]
2020-03-28 14:33:13.730 INFO  [main]org.apache.catalina.core.StandardEngine.log:173 -Starting Servlet engine: [Apache Tomcat/9.0.31]
2020-03-28 14:33:13.898 INFO  [main]o.a.catalina.core.ContainerBase.[Tomcat].[localhost].[/].log:173 -Initializing Spring embedded WebApplicationContext
2020-03-28 14:33:13.898 INFO  [main]org.springframework.web.context.ContextLoader.prepareWebApplicationContext:284 -Root WebApplicationContext: initialization completed in 1475 ms
2020-03-28 14:33:14.012 INFO  [main]c.a.d.s.boot.autoconfigure.DruidDataSourceAutoConfigure.dataSource:56 -Init DruidDataSource
2020-03-28 14:33:18.357 INFO  [main]com.alibaba.druid.pool.DruidDataSource.init:930 -{dataSource-1} inited
2020-03-28 14:33:19.159 INFO  [main]o.s.scheduling.concurrent.ThreadPoolTaskExecutor.initialize:171 -Initializing ExecutorService 'applicationTaskExecutor'
2020-03-28 14:33:19.438 INFO  [main]org.apache.coyote.http11.Http11NioProtocol.log:173 -Starting ProtocolHandler ["http-nio-1000"]
2020-03-28 14:33:19.455 INFO  [main]o.s.boot.web.embedded.tomcat.TomcatWebServer.start:202 -Tomcat started on port(s): 1000 (http) with context path ''
2020-03-28 14:33:19.457 INFO  [main]com.lza.blog.BlogApplication.logStarted:59 -Started BlogApplication in 7.713 seconds (JVM running for 8.853)
2020-03-28 14:33:24.804 INFO  [http-nio-1000-exec-1]o.a.catalina.core.ContainerBase.[Tomcat].[localhost].[/].log:173 -Initializing Spring DispatcherServlet 'dispatcherServlet'
2020-03-28 14:33:24.805 INFO  [http-nio-1000-exec-1]org.springframework.web.servlet.DispatcherServlet.initServletBean:525 -Initializing Servlet 'dispatcherServlet'
2020-03-28 14:33:24.816 INFO  [http-nio-1000-exec-1]org.springframework.web.servlet.DispatcherServlet.initServletBean:547 -Completed initialization in 11 ms
2020-03-28 14:33:24.843 INFO  [http-nio-1000-exec-1]com.lza.blog.aspect.RequestAspect.printRequestLog:120 -请求地址 : /test/textException/1
2020-03-28 14:33:24.845 INFO  [http-nio-1000-exec-1]com.lza.blog.aspect.RequestAspect.printRequestLog:121 -请求方式 : GET
2020-03-28 14:33:24.849 INFO  [http-nio-1000-exec-1]com.lza.blog.aspect.RequestAspect.printRequestLog:124 -IP : 127.0.0.1
2020-03-28 14:33:24.850 INFO  [http-nio-1000-exec-1]com.lza.blog.aspect.RequestAspect.printRequestLog:126 -方法 : com.lza.blog.controller.TestController.testException
2020-03-28 14:33:24.851 INFO  [http-nio-1000-exec-1]com.lza.blog.aspect.RequestAspect.printRequestLog:128 -请求参数：[1]
2020-03-28 14:33:24.856 INFO  [http-nio-1000-exec-1]com.lza.blog.aspect.RequestAspect.doAround:74 -耗时 : 13
2020-03-28 14:33:24.909 INFO  [http-nio-1000-exec-1]com.lza.blog.aspect.RequestAspect.doAfterReturning:89 -返回值：{"code":20000,"msg":"操作成功!"}
2020-03-28 14:33:57.318 INFO  [http-nio-1000-exec-5]com.lza.blog.aspect.RequestAspect.printRequestLog:120 -请求地址 : /test/textException/122
2020-03-28 14:33:57.318 INFO  [http-nio-1000-exec-5]com.lza.blog.aspect.RequestAspect.printRequestLog:121 -请求方式 : GET
2020-03-28 14:33:57.319 INFO  [http-nio-1000-exec-5]com.lza.blog.aspect.RequestAspect.printRequestLog:124 -IP : 127.0.0.1
2020-03-28 14:33:57.319 INFO  [http-nio-1000-exec-5]com.lza.blog.aspect.RequestAspect.printRequestLog:126 -方法 : com.lza.blog.controller.TestController.testException
2020-03-28 14:33:57.319 INFO  [http-nio-1000-exec-5]com.lza.blog.aspect.RequestAspect.printRequestLog:128 -请求参数：[122]
2020-03-28 20:39:16.979 INFO  [http-nio-1000-exec-8]com.lza.blog.aspect.RequestAspect.printRequestLog:120 -请求地址 : /test/textException/122
2020-03-28 20:39:16.986 INFO  [http-nio-1000-exec-8]com.lza.blog.aspect.RequestAspect.printRequestLog:121 -请求方式 : GET
2020-03-28 20:39:16.987 INFO  [http-nio-1000-exec-8]com.lza.blog.aspect.RequestAspect.printRequestLog:124 -IP : 127.0.0.1
2020-03-28 20:39:16.987 INFO  [http-nio-1000-exec-8]com.lza.blog.aspect.RequestAspect.printRequestLog:126 -方法 : com.lza.blog.controller.TestController.testException
2020-03-28 20:39:16.988 INFO  [http-nio-1000-exec-8]com.lza.blog.aspect.RequestAspect.printRequestLog:128 -请求参数：[122]
2020-03-28 20:39:27.604 INFO  [http-nio-1000-exec-3]com.lza.blog.aspect.RequestAspect.printRequestLog:120 -请求地址 : /test/textException/1
2020-03-28 20:39:27.605 INFO  [http-nio-1000-exec-3]com.lza.blog.aspect.RequestAspect.printRequestLog:121 -请求方式 : GET
2020-03-28 20:39:27.605 INFO  [http-nio-1000-exec-3]com.lza.blog.aspect.RequestAspect.printRequestLog:124 -IP : 127.0.0.1
2020-03-28 20:39:27.605 INFO  [http-nio-1000-exec-3]com.lza.blog.aspect.RequestAspect.printRequestLog:126 -方法 : com.lza.blog.controller.TestController.testException
2020-03-28 20:39:27.605 INFO  [http-nio-1000-exec-3]com.lza.blog.aspect.RequestAspect.printRequestLog:128 -请求参数：[1]
2020-03-28 20:39:27.606 INFO  [http-nio-1000-exec-3]com.lza.blog.aspect.RequestAspect.doAround:74 -耗时 : 2
2020-03-28 20:39:27.606 INFO  [http-nio-1000-exec-3]com.lza.blog.aspect.RequestAspect.doAfterReturning:89 -返回值：{"code":20000,"msg":"操作成功!"}
